1531225323405: Start measurement run 1005
1531225323405: Querying YouTube video ID...
1531225323765: Retrieved YouTube video ID: lD5Y5lu7p1I
1531225323780: Output file: C:\SeleniumMeasurements\pcap_output\pacp_yt_s_1_1005.pcap
1531225326929: Video URL: https://www.youtube.com/watch?v=lD5Y5lu7p1I
1531225326929: Start capturing...
1531225356952: Browsing video...
1531225359541: Done.
1531225359541: Page loaded.
1531225359541: Test condition: nothing (0).
1531225359541: Network condition: unlimited.
1531225359717,0,[0:8.701;],playing,480x854,480x854,lD5Y5lu7p1I,817.281,Sea Dragon Stage 6 DNM (Force User POV) Conqueror S4 - YouTube
1531225359719: Video length: 817.281
1531225359719: Video title: Sea Dragon Stage 6 DNM (Force User POV) Conqueror S4 - YouTube
1531225360006,0,[0:10.666;],playing,480x854,480x854,lD5Y5lu7p1I,817.281,Sea Dragon Stage 6 DNM (Force User POV) Conqueror S4 - YouTube
1531225360279,0,[0:10.666;],playing,480x854,480x854,lD5Y5lu7p1I,817.281,Sea Dragon Stage 6 DNM (Force User POV) Conqueror S4 - YouTube
1531225360747: Autoplay disabled
1531225360782,0.198424,[0:10.666;],playing,480x854,480x854,lD5Y5lu7p1I,817.281,Sea Dragon Stage 6 DNM (Force User POV) Conqueror S4 - YouTube
1531225361058,0.474397,[0:10.666;],playing,480x854,480x854,lD5Y5lu7p1I,817.281,Sea Dragon Stage 6 DNM (Force User POV) Conqueror S4 - YouTube
1531225361358,0.774549,[0:10.666;],playing,480x854,480x854,lD5Y5lu7p1I,817.281,Sea Dragon Stage 6 DNM (Force User POV) Conqueror S4 - YouTube
1531225361645,1.061112,[0:10.666;],playing,480x854,480x854,lD5Y5lu7p1I,817.281,Sea Dragon Stage 6 DNM (Force User POV) Conqueror S4 - YouTube
1531225361990,1.406657,[0:17.821;],playing,480x854,480x854,lD5Y5lu7p1I,817.281,Sea Dragon Stage 6 DNM (Force User POV) Conqueror S4 - YouTube
1531225362249,1.665908,[0:17.821;],playing,480x854,480x854,lD5Y5lu7p1I,817.281,Sea Dragon Stage 6 DNM (Force User POV) Conqueror S4 - YouTube
1531225362507,1.924414,[0:17.821;],playing,480x854,480x854,lD5Y5lu7p1I,817.281,Sea Dragon Stage 6 DNM (Force User POV) Conqueror S4 - YouTube
1531225362767,2.183528,[0:17.821;],playing,480x854,480x854,lD5Y5lu7p1I,817.281,Sea Dragon Stage 6 DNM (Force User POV) Conqueror S4 - YouTube
1531225363025,2.4412,[0:17.821;],playing,480x854,480x854,lD5Y5lu7p1I,817.281,Sea Dragon Stage 6 DNM (Force User POV) Conqueror S4 - YouTube
1531225363284,2.700888,[0:17.821;],playing,480x854,480x854,lD5Y5lu7p1I,817.281,Sea Dragon Stage 6 DNM (Force User POV) Conqueror S4 - YouTube
1531225363542,2.959276,[0:17.821;],playing,480x854,480x854,lD5Y5lu7p1I,817.281,Sea Dragon Stage 6 DNM (Force User POV) Conqueror S4 - YouTube
1531225363802,3.218476,[0:17.821;],playing,480x854,480x854,lD5Y5lu7p1I,817.281,Sea Dragon Stage 6 DNM (Force User POV) Conqueror S4 - YouTube
1531225364060,3.476494,[0:17.821;],playing,480x854,480x854,lD5Y5lu7p1I,817.281,Sea Dragon Stage 6 DNM (Force User POV) Conqueror S4 - YouTube
1531225364318,3.735354,[0:17.821;],playing,480x854,480x854,lD5Y5lu7p1I,817.281,Sea Dragon Stage 6 DNM (Force User POV) Conqueror S4 - YouTube
1531225364576,3.992972,[0:21.333;],playing,480x854,480x854,lD5Y5lu7p1I,817.281,Sea Dragon Stage 6 DNM (Force User POV) Conqueror S4 - YouTube
1531225364834,4.251208,[0:21.333;],playing,480x854,480x854,lD5Y5lu7p1I,817.281,Sea Dragon Stage 6 DNM (Force User POV) Conqueror S4 - YouTube
1531225365132,4.54863,[0:21.333;],playing,480x854,480x854,lD5Y5lu7p1I,817.281,Sea Dragon Stage 6 DNM (Force User POV) Conqueror S4 - YouTube
1531225365389,4.805613,[0:21.333;],playing,480x854,480x854,lD5Y5lu7p1I,817.281,Sea Dragon Stage 6 DNM (Force User POV) Conqueror S4 - YouTube
1531225365655,5.071508,[0:21.333;],playing,480x854,480x854,lD5Y5lu7p1I,817.281,Sea Dragon Stage 6 DNM (Force User POV) Conqueror S4 - YouTube
1531225365911,5.328353,[0:21.333;],playing,480x854,480x854,lD5Y5lu7p1I,817.281,Sea Dragon Stage 6 DNM (Force User POV) Conqueror S4 - YouTube
1531225366168,5.584693,[0:21.333;],playing,480x854,480x854,lD5Y5lu7p1I,817.281,Sea Dragon Stage 6 DNM (Force User POV) Conqueror S4 - YouTube
1531225366426,5.843279,[0:30.001;],playing,480x854,480x854,lD5Y5lu7p1I,817.281,Sea Dragon Stage 6 DNM (Force User POV) Conqueror S4 - YouTube
1531225366688,6.105145,[0:30.001;],playing,480x854,480x854,lD5Y5lu7p1I,817.281,Sea Dragon Stage 6 DNM (Force User POV) Conqueror S4 - YouTube
1531225366949,6.365928,[0:30.001;],playing,480x854,480x854,lD5Y5lu7p1I,817.281,Sea Dragon Stage 6 DNM (Force User POV) Conqueror S4 - YouTube
1531225367209,6.626338,[0:30.001;],playing,480x854,480x854,lD5Y5lu7p1I,817.281,Sea Dragon Stage 6 DNM (Force User POV) Conqueror S4 - YouTube
1531225367467,6.883264,[0:30.001;],playing,480x854,480x854,lD5Y5lu7p1I,817.281,Sea Dragon Stage 6 DNM (Force User POV) Conqueror S4 - YouTube
1531225367721,7.137617,[0:30.001;],playing,480x854,480x854,lD5Y5lu7p1I,817.281,Sea Dragon Stage 6 DNM (Force User POV) Conqueror S4 - YouTube
1531225367976,7.392857,[0:30.001;],playing,480x854,480x854,lD5Y5lu7p1I,817.281,Sea Dragon Stage 6 DNM (Force User POV) Conqueror S4 - YouTube
1531225368235,7.65219,[0:30.001;],playing,480x854,480x854,lD5Y5lu7p1I,817.281,Sea Dragon Stage 6 DNM (Force User POV) Conqueror S4 - YouTube
1531225368496,7.912124,[0:30.001;],playing,480x854,480x854,lD5Y5lu7p1I,817.281,Sea Dragon Stage 6 DNM (Force User POV) Conqueror S4 - YouTube
1531225368756,8.172135,[0:30.001;],playing,480x854,480x854,lD5Y5lu7p1I,817.281,Sea Dragon Stage 6 DNM (Force User POV) Conqueror S4 - YouTube
1531225369013,8.430015,[0:30.001;],playing,480x854,480x854,lD5Y5lu7p1I,817.281,Sea Dragon Stage 6 DNM (Force User POV) Conqueror S4 - YouTube
1531225369273,8.689841,[0:30.001;],playing,480x854,480x854,lD5Y5lu7p1I,817.281,Sea Dragon Stage 6 DNM (Force User POV) Conqueror S4 - YouTube
1531225369533,8.950752,[0:30.001;],playing,480x854,480x854,lD5Y5lu7p1I,817.281,Sea Dragon Stage 6 DNM (Force User POV) Conqueror S4 - YouTube
1531225369791,9.207275,[0:30.001;],playing,480x854,480x854,lD5Y5lu7p1I,817.281,Sea Dragon Stage 6 DNM (Force User POV) Conqueror S4 - YouTube
1531225370046,9.463379,[0:30.001;],playing,480x854,480x854,lD5Y5lu7p1I,817.281,Sea Dragon Stage 6 DNM (Force User POV) Conqueror S4 - YouTube
1531225370303,9.720065,[0:30.001;],playing,480x854,480x854,lD5Y5lu7p1I,817.281,Sea Dragon Stage 6 DNM (Force User POV) Conqueror S4 - YouTube
1531225370561,9.978261,[0:50.001;],playing,480x854,480x854,lD5Y5lu7p1I,817.281,Sea Dragon Stage 6 DNM (Force User POV) Conqueror S4 - YouTube
1531225370821,10.237775,[0:50.001;],playing,480x854,480x854,lD5Y5lu7p1I,817.281,Sea Dragon Stage 6 DNM (Force User POV) Conqueror S4 - YouTube
1531225371083,10.498932,[0:50.001;],playing,480x854,480x854,lD5Y5lu7p1I,817.281,Sea Dragon Stage 6 DNM (Force User POV) Conqueror S4 - YouTube
1531225371340,10.757263,[0:50.001;],playing,480x854,480x854,lD5Y5lu7p1I,817.281,Sea Dragon Stage 6 DNM (Force User POV) Conqueror S4 - YouTube
1531225371599,11.016413,[0:50.001;],playing,480x854,480x854,lD5Y5lu7p1I,817.281,Sea Dragon Stage 6 DNM (Force User POV) Conqueror S4 - YouTube
1531225371858,11.274485,[0:50.001;],playing,480x854,480x854,lD5Y5lu7p1I,817.281,Sea Dragon Stage 6 DNM (Force User POV) Conqueror S4 - YouTube
1531225372114,11.530938,[0:50.001;],playing,480x854,480x854,lD5Y5lu7p1I,817.281,Sea Dragon Stage 6 DNM (Force User POV) Conqueror S4 - YouTube
1531225372369,11.786264,[0:50.001;],playing,480x854,480x854,lD5Y5lu7p1I,817.281,Sea Dragon Stage 6 DNM (Force User POV) Conqueror S4 - YouTube
1531225372627,12.043378,[0:50.001;],playing,480x854,480x854,lD5Y5lu7p1I,817.281,Sea Dragon Stage 6 DNM (Force User POV) Conqueror S4 - YouTube
1531225372886,12.303286,[0:50.001;],playing,480x854,480x854,lD5Y5lu7p1I,817.281,Sea Dragon Stage 6 DNM (Force User POV) Conqueror S4 - YouTube
1531225373146,12.562696,[0:50.001;],playing,480x854,480x854,lD5Y5lu7p1I,817.281,Sea Dragon Stage 6 DNM (Force User POV) Conqueror S4 - YouTube
1531225373406,12.823071,[0:50.001;],playing,480x854,480x854,lD5Y5lu7p1I,817.281,Sea Dragon Stage 6 DNM (Force User POV) Conqueror S4 - YouTube
1531225373664,13.081036,[0:50.001;],playing,480x854,480x854,lD5Y5lu7p1I,817.281,Sea Dragon Stage 6 DNM (Force User POV) Conqueror S4 - YouTube
1531225373924,13.340616,[0:50.001;],playing,480x854,480x854,lD5Y5lu7p1I,817.281,Sea Dragon Stage 6 DNM (Force User POV) Conqueror S4 - YouTube
1531225374189,13.605212,[0:50.001;],playing,480x854,480x854,lD5Y5lu7p1I,817.281,Sea Dragon Stage 6 DNM (Force User POV) Conqueror S4 - YouTube
1531225374450,13.866505,[0:50.001;],playing,480x854,480x854,lD5Y5lu7p1I,817.281,Sea Dragon Stage 6 DNM (Force User POV) Conqueror S4 - YouTube
1531225374708,14.124007,[0:50.001;],playing,480x854,480x854,lD5Y5lu7p1I,817.281,Sea Dragon Stage 6 DNM (Force User POV) Conqueror S4 - YouTube
1531225374966,14.383603,[0:50.001;],playing,480x854,480x854,lD5Y5lu7p1I,817.281,Sea Dragon Stage 6 DNM (Force User POV) Conqueror S4 - YouTube
1531225375227,14.642943,[0:50.001;],playing,480x854,480x854,lD5Y5lu7p1I,817.281,Sea Dragon Stage 6 DNM (Force User POV) Conqueror S4 - YouTube
1531225375486,14.902049,[0:50.001;],playing,480x854,480x854,lD5Y5lu7p1I,817.281,Sea Dragon Stage 6 DNM (Force User POV) Conqueror S4 - YouTube
1531225375744,15.161344,[0:50.001;],playing,480x854,480x854,lD5Y5lu7p1I,817.281,Sea Dragon Stage 6 DNM (Force User POV) Conqueror S4 - YouTube
1531225376004,15.420508,[0:50.001;],playing,480x854,480x854,lD5Y5lu7p1I,817.281,Sea Dragon Stage 6 DNM (Force User POV) Conqueror S4 - YouTube
1531225376263,15.680137,[0:50.001;],playing,480x854,480x854,lD5Y5lu7p1I,817.281,Sea Dragon Stage 6 DNM (Force User POV) Conqueror S4 - YouTube
1531225376543,15.960353,[0:50.001;],playing,480x854,480x854,lD5Y5lu7p1I,817.281,Sea Dragon Stage 6 DNM (Force User POV) Conqueror S4 - YouTube
1531225376804,16.220341,[0:50.001;],playing,480x854,480x854,lD5Y5lu7p1I,817.281,Sea Dragon Stage 6 DNM (Force User POV) Conqueror S4 - YouTube
1531225377065,16.482239,[0:50.001;],playing,480x854,480x854,lD5Y5lu7p1I,817.281,Sea Dragon Stage 6 DNM (Force User POV) Conqueror S4 - YouTube
1531225377324,16.740214,[0:50.001;],playing,480x854,480x854,lD5Y5lu7p1I,817.281,Sea Dragon Stage 6 DNM (Force User POV) Conqueror S4 - YouTube
1531225377584,17.000673,[0:50.001;],playing,480x854,480x854,lD5Y5lu7p1I,817.281,Sea Dragon Stage 6 DNM (Force User POV) Conqueror S4 - YouTube
1531225377843,17.259884,[0:50.001;],playing,480x854,480x854,lD5Y5lu7p1I,817.281,Sea Dragon Stage 6 DNM (Force User POV) Conqueror S4 - YouTube
1531225378104,17.519958,[0:50.001;],playing,480x854,480x854,lD5Y5lu7p1I,817.281,Sea Dragon Stage 6 DNM (Force User POV) Conqueror S4 - YouTube
1531225378364,17.780543,[0:50.001;],playing,480x854,480x854,lD5Y5lu7p1I,817.281,Sea Dragon Stage 6 DNM (Force User POV) Conqueror S4 - YouTube
1531225378623,18.039656,[0:50.001;],playing,480x854,480x854,lD5Y5lu7p1I,817.281,Sea Dragon Stage 6 DNM (Force User POV) Conqueror S4 - YouTube
1531225378884,18.300529,[0:50.001;],playing,480x854,480x854,lD5Y5lu7p1I,817.281,Sea Dragon Stage 6 DNM (Force User POV) Conqueror S4 - YouTube
1531225379142,18.558447,[0:50.001;],playing,480x854,480x854,lD5Y5lu7p1I,817.281,Sea Dragon Stage 6 DNM (Force User POV) Conqueror S4 - YouTube
1531225379401,18.817381,[0:50.001;],playing,480x854,480x854,lD5Y5lu7p1I,817.281,Sea Dragon Stage 6 DNM (Force User POV) Conqueror S4 - YouTube
1531225379659,19.076326,[0:50.001;],playing,480x854,480x854,lD5Y5lu7p1I,817.281,Sea Dragon Stage 6 DNM (Force User POV) Conqueror S4 - YouTube
1531225379917,19.334225,[0:50.001;],playing,480x854,480x854,lD5Y5lu7p1I,817.281,Sea Dragon Stage 6 DNM (Force User POV) Conqueror S4 - YouTube
1531225380175,19.592328,[0:50.001;],playing,480x854,480x854,lD5Y5lu7p1I,817.281,Sea Dragon Stage 6 DNM (Force User POV) Conqueror S4 - YouTube
1531225380436,19.851982,[0:50.001;],playing,480x854,480x854,lD5Y5lu7p1I,817.281,Sea Dragon Stage 6 DNM (Force User POV) Conqueror S4 - YouTube
1531225380696,20.113156,[0:50.001;],playing,480x854,480x854,lD5Y5lu7p1I,817.281,Sea Dragon Stage 6 DNM (Force User POV) Conqueror S4 - YouTube
1531225380956,20.372951,[0:58.666;],playing,480x854,480x854,lD5Y5lu7p1I,817.281,Sea Dragon Stage 6 DNM (Force User POV) Conqueror S4 - YouTube
1531225381214,20.630528,[0:58.666;],playing,480x854,480x854,lD5Y5lu7p1I,817.281,Sea Dragon Stage 6 DNM (Force User POV) Conqueror S4 - YouTube
1531225381469,20.886439,[0:58.666;],playing,480x854,480x854,lD5Y5lu7p1I,817.281,Sea Dragon Stage 6 DNM (Force User POV) Conqueror S4 - YouTube
1531225381726,21.142426,[0:58.666;],playing,480x854,480x854,lD5Y5lu7p1I,817.281,Sea Dragon Stage 6 DNM (Force User POV) Conqueror S4 - YouTube
1531225381987,21.403535,[0:58.666;],playing,480x854,480x854,lD5Y5lu7p1I,817.281,Sea Dragon Stage 6 DNM (Force User POV) Conqueror S4 - YouTube
1531225382243,21.659961,[0:58.666;],playing,480x854,480x854,lD5Y5lu7p1I,817.281,Sea Dragon Stage 6 DNM (Force User POV) Conqueror S4 - YouTube
1531225382499,21.915294,[0:58.666;],playing,480x854,480x854,lD5Y5lu7p1I,817.281,Sea Dragon Stage 6 DNM (Force User POV) Conqueror S4 - YouTube
1531225382757,22.174636,[0:58.666;],playing,480x854,480x854,lD5Y5lu7p1I,817.281,Sea Dragon Stage 6 DNM (Force User POV) Conqueror S4 - YouTube
1531225383021,22.437095,[0:58.666;],playing,480x854,480x854,lD5Y5lu7p1I,817.281,Sea Dragon Stage 6 DNM (Force User POV) Conqueror S4 - YouTube
1531225383281,22.698411,[0:58.666;],playing,480x854,480x854,lD5Y5lu7p1I,817.281,Sea Dragon Stage 6 DNM (Force User POV) Conqueror S4 - YouTube
1531225383540,22.956839,[0:58.666;],playing,480x854,480x854,lD5Y5lu7p1I,817.281,Sea Dragon Stage 6 DNM (Force User POV) Conqueror S4 - YouTube
1531225383798,23.214523,[0:58.666;],playing,480x854,480x854,lD5Y5lu7p1I,817.281,Sea Dragon Stage 6 DNM (Force User POV) Conqueror S4 - YouTube
1531225384057,23.473349,[0:58.666;],playing,480x854,480x854,lD5Y5lu7p1I,817.281,Sea Dragon Stage 6 DNM (Force User POV) Conqueror S4 - YouTube
1531225384318,23.734176,[0:58.666;],playing,480x854,480x854,lD5Y5lu7p1I,817.281,Sea Dragon Stage 6 DNM (Force User POV) Conqueror S4 - YouTube
1531225384574,23.991277,[0:58.666;],playing,480x854,480x854,lD5Y5lu7p1I,817.281,Sea Dragon Stage 6 DNM (Force User POV) Conqueror S4 - YouTube
1531225384831,24.247305,[0:58.666;],playing,480x854,480x854,lD5Y5lu7p1I,817.281,Sea Dragon Stage 6 DNM (Force User POV) Conqueror S4 - YouTube
1531225385087,24.503768,[0:58.666;],playing,480x854,480x854,lD5Y5lu7p1I,817.281,Sea Dragon Stage 6 DNM (Force User POV) Conqueror S4 - YouTube
1531225385347,24.763613,[0:80;],playing,480x854,480x854,lD5Y5lu7p1I,817.281,Sea Dragon Stage 6 DNM (Force User POV) Conqueror S4 - YouTube
1531225385606,25.023042,[0:80;],playing,480x854,480x854,lD5Y5lu7p1I,817.281,Sea Dragon Stage 6 DNM (Force User POV) Conqueror S4 - YouTube
1531225385866,25.282844,[0:80;],playing,480x854,480x854,lD5Y5lu7p1I,817.281,Sea Dragon Stage 6 DNM (Force User POV) Conqueror S4 - YouTube
1531225386124,25.541421,[0:80;],playing,480x854,480x854,lD5Y5lu7p1I,817.281,Sea Dragon Stage 6 DNM (Force User POV) Conqueror S4 - YouTube
1531225386385,25.802387,[0:80;],playing,480x854,480x854,lD5Y5lu7p1I,817.281,Sea Dragon Stage 6 DNM (Force User POV) Conqueror S4 - YouTube
1531225386645,26.061689,[0:80;],playing,480x854,480x854,lD5Y5lu7p1I,817.281,Sea Dragon Stage 6 DNM (Force User POV) Conqueror S4 - YouTube
1531225386905,26.321728,[0:80;],playing,480x854,480x854,lD5Y5lu7p1I,817.281,Sea Dragon Stage 6 DNM (Force User POV) Conqueror S4 - YouTube
1531225387161,26.578632,[0:80;],playing,480x854,480x854,lD5Y5lu7p1I,817.281,Sea Dragon Stage 6 DNM (Force User POV) Conqueror S4 - YouTube
1531225387419,26.835782,[0:80;],playing,480x854,480x854,lD5Y5lu7p1I,817.281,Sea Dragon Stage 6 DNM (Force User POV) Conqueror S4 - YouTube
1531225387676,27.093169,[0:80;],playing,480x854,480x854,lD5Y5lu7p1I,817.281,Sea Dragon Stage 6 DNM (Force User POV) Conqueror S4 - YouTube
1531225387935,27.351935,[0:80;],playing,480x854,480x854,lD5Y5lu7p1I,817.281,Sea Dragon Stage 6 DNM (Force User POV) Conqueror S4 - YouTube
1531225388193,27.609741,[0:80;],playing,480x854,480x854,lD5Y5lu7p1I,817.281,Sea Dragon Stage 6 DNM (Force User POV) Conqueror S4 - YouTube
1531225388449,27.866103,[0:80;],playing,480x854,480x854,lD5Y5lu7p1I,817.281,Sea Dragon Stage 6 DNM (Force User POV) Conqueror S4 - YouTube
1531225388705,28.121307,[0:80;],playing,480x854,480x854,lD5Y5lu7p1I,817.281,Sea Dragon Stage 6 DNM (Force User POV) Conqueror S4 - YouTube
1531225388960,28.376944,[0:80;],playing,480x854,480x854,lD5Y5lu7p1I,817.281,Sea Dragon Stage 6 DNM (Force User POV) Conqueror S4 - YouTube
1531225389216,28.6336,[0:80;],playing,480x854,480x854,lD5Y5lu7p1I,817.281,Sea Dragon Stage 6 DNM (Force User POV) Conqueror S4 - YouTube
1531225389475,28.891673,[0:80;],playing,480x854,480x854,lD5Y5lu7p1I,817.281,Sea Dragon Stage 6 DNM (Force User POV) Conqueror S4 - YouTube
1531225389732,29.148676,[0:80;],playing,480x854,480x854,lD5Y5lu7p1I,817.281,Sea Dragon Stage 6 DNM (Force User POV) Conqueror S4 - YouTube
1531225389987,29.404605,[0:80;],playing,480x854,480x854,lD5Y5lu7p1I,817.281,Sea Dragon Stage 6 DNM (Force User POV) Conqueror S4 - YouTube
1531225390246,29.662985,[0:80;],playing,480x854,480x854,lD5Y5lu7p1I,817.281,Sea Dragon Stage 6 DNM (Force User POV) Conqueror S4 - YouTube
1531225390503,29.919964,[0:80;],playing,480x854,480x854,lD5Y5lu7p1I,817.281,Sea Dragon Stage 6 DNM (Force User POV) Conqueror S4 - YouTube
1531225390762,30.179001,[0:80;],playing,480x854,480x854,lD5Y5lu7p1I,817.281,Sea Dragon Stage 6 DNM (Force User POV) Conqueror S4 - YouTube
1531225391024,30.440402,[0:80;],playing,480x854,480x854,lD5Y5lu7p1I,817.281,Sea Dragon Stage 6 DNM (Force User POV) Conqueror S4 - YouTube
1531225391282,30.698754,[0:80;],playing,480x854,480x854,lD5Y5lu7p1I,817.281,Sea Dragon Stage 6 DNM (Force User POV) Conqueror S4 - YouTube
1531225391540,30.955958,[0:80;],playing,480x854,480x854,lD5Y5lu7p1I,817.281,Sea Dragon Stage 6 DNM (Force User POV) Conqueror S4 - YouTube
1531225391798,31.214978,[0:80;],playing,480x854,480x854,lD5Y5lu7p1I,817.281,Sea Dragon Stage 6 DNM (Force User POV) Conqueror S4 - YouTube
1531225392057,31.474174,[0:80;],playing,480x854,480x854,lD5Y5lu7p1I,817.281,Sea Dragon Stage 6 DNM (Force User POV) Conqueror S4 - YouTube
1531225392318,31.735022,[0:80;],playing,480x854,480x854,lD5Y5lu7p1I,817.281,Sea Dragon Stage 6 DNM (Force User POV) Conqueror S4 - YouTube
1531225392578,31.994745,[0:80;],playing,480x854,480x854,lD5Y5lu7p1I,817.281,Sea Dragon Stage 6 DNM (Force User POV) Conqueror S4 - YouTube
1531225392838,32.254916,[0:80;],playing,480x854,480x854,lD5Y5lu7p1I,817.281,Sea Dragon Stage 6 DNM (Force User POV) Conqueror S4 - YouTube
1531225393099,32.515479,[0:80;],playing,480x854,480x854,lD5Y5lu7p1I,817.281,Sea Dragon Stage 6 DNM (Force User POV) Conqueror S4 - YouTube
1531225393358,32.774739,[0:80;],playing,480x854,480x854,lD5Y5lu7p1I,817.281,Sea Dragon Stage 6 DNM (Force User POV) Conqueror S4 - YouTube
1531225393618,33.035421,[0:80;],playing,480x854,480x854,lD5Y5lu7p1I,817.281,Sea Dragon Stage 6 DNM (Force User POV) Conqueror S4 - YouTube
1531225393877,33.293841,[0:80;],playing,480x854,480x854,lD5Y5lu7p1I,817.281,Sea Dragon Stage 6 DNM (Force User POV) Conqueror S4 - YouTube
1531225394135,33.552189,[0:80;],playing,480x854,480x854,lD5Y5lu7p1I,817.281,Sea Dragon Stage 6 DNM (Force User POV) Conqueror S4 - YouTube
1531225394396,33.812028,[0:80;],playing,480x854,480x854,lD5Y5lu7p1I,817.281,Sea Dragon Stage 6 DNM (Force User POV) Conqueror S4 - YouTube
1531225394655,34.072061,[0:80;],playing,480x854,480x854,lD5Y5lu7p1I,817.281,Sea Dragon Stage 6 DNM (Force User POV) Conqueror S4 - YouTube
1531225394916,34.333014,[0:80;],playing,480x854,480x854,lD5Y5lu7p1I,817.281,Sea Dragon Stage 6 DNM (Force User POV) Conqueror S4 - YouTube
1531225395177,34.593615,[0:80;],playing,480x854,480x854,lD5Y5lu7p1I,817.281,Sea Dragon Stage 6 DNM (Force User POV) Conqueror S4 - YouTube
1531225395439,34.855981,[0:80;],playing,480x854,480x854,lD5Y5lu7p1I,817.281,Sea Dragon Stage 6 DNM (Force User POV) Conqueror S4 - YouTube
1531225395699,35.116054,[0:80;],playing,480x854,480x854,lD5Y5lu7p1I,817.281,Sea Dragon Stage 6 DNM (Force User POV) Conqueror S4 - YouTube
1531225395955,35.371419,[0:80;],playing,480x854,480x854,lD5Y5lu7p1I,817.281,Sea Dragon Stage 6 DNM (Force User POV) Conqueror S4 - YouTube
1531225396211,35.628173,[0:80.001;],playing,480x854,480x854,lD5Y5lu7p1I,817.281,Sea Dragon Stage 6 DNM (Force User POV) Conqueror S4 - YouTube
1531225396468,35.885236,[0:101.333;],playing,480x854,480x854,lD5Y5lu7p1I,817.281,Sea Dragon Stage 6 DNM (Force User POV) Conqueror S4 - YouTube
1531225396728,36.145207,[0:101.333;],playing,480x854,480x854,lD5Y5lu7p1I,817.281,Sea Dragon Stage 6 DNM (Force User POV) Conqueror S4 - YouTube
1531225396988,36.405461,[0:101.333;],playing,480x854,480x854,lD5Y5lu7p1I,817.281,Sea Dragon Stage 6 DNM (Force User POV) Conqueror S4 - YouTube
1531225397250,36.667135,[0:101.333;],playing,480x854,480x854,lD5Y5lu7p1I,817.281,Sea Dragon Stage 6 DNM (Force User POV) Conqueror S4 - YouTube
1531225397512,36.929235,[0:101.333;],playing,480x854,480x854,lD5Y5lu7p1I,817.281,Sea Dragon Stage 6 DNM (Force User POV) Conqueror S4 - YouTube
1531225397778,37.194548,[0:101.333;],playing,480x854,480x854,lD5Y5lu7p1I,817.281,Sea Dragon Stage 6 DNM (Force User POV) Conqueror S4 - YouTube
1531225398040,37.456948,[0:101.333;],playing,480x854,480x854,lD5Y5lu7p1I,817.281,Sea Dragon Stage 6 DNM (Force User POV) Conqueror S4 - YouTube
1531225398299,37.715976,[0:101.333;],playing,480x854,480x854,lD5Y5lu7p1I,817.281,Sea Dragon Stage 6 DNM (Force User POV) Conqueror S4 - YouTube
1531225398559,37.975658,[0:101.333;],playing,480x854,480x854,lD5Y5lu7p1I,817.281,Sea Dragon Stage 6 DNM (Force User POV) Conqueror S4 - YouTube
1531225398821,38.237219,[0:101.333;],playing,480x854,480x854,lD5Y5lu7p1I,817.281,Sea Dragon Stage 6 DNM (Force User POV) Conqueror S4 - YouTube
1531225399082,38.499006,[0:101.333;],playing,480x854,480x854,lD5Y5lu7p1I,817.281,Sea Dragon Stage 6 DNM (Force User POV) Conqueror S4 - YouTube
1531225399343,38.760208,[0:101.333;],playing,480x854,480x854,lD5Y5lu7p1I,817.281,Sea Dragon Stage 6 DNM (Force User POV) Conqueror S4 - YouTube
1531225399602,39.018732,[0:101.333;],playing,480x854,480x854,lD5Y5lu7p1I,817.281,Sea Dragon Stage 6 DNM (Force User POV) Conqueror S4 - YouTube
1531225399859,39.27547,[0:101.333;],playing,480x854,480x854,lD5Y5lu7p1I,817.281,Sea Dragon Stage 6 DNM (Force User POV) Conqueror S4 - YouTube
1531225400116,39.533362,[0:101.333;],playing,480x854,480x854,lD5Y5lu7p1I,817.281,Sea Dragon Stage 6 DNM (Force User POV) Conqueror S4 - YouTube
1531225400377,39.794032,[0:101.333;],playing,480x854,480x854,lD5Y5lu7p1I,817.281,Sea Dragon Stage 6 DNM (Force User POV) Conqueror S4 - YouTube
1531225400638,40.054473,[0:101.333;],playing,480x854,480x854,lD5Y5lu7p1I,817.281,Sea Dragon Stage 6 DNM (Force User POV) Conqueror S4 - YouTube
1531225400899,40.315432,[0:101.333;],playing,480x854,480x854,lD5Y5lu7p1I,817.281,Sea Dragon Stage 6 DNM (Force User POV) Conqueror S4 - YouTube
1531225401157,40.573971,[0:101.333;],playing,480x854,480x854,lD5Y5lu7p1I,817.281,Sea Dragon Stage 6 DNM (Force User POV) Conqueror S4 - YouTube
1531225401416,40.833019,[0:101.333;],playing,480x854,480x854,lD5Y5lu7p1I,817.281,Sea Dragon Stage 6 DNM (Force User POV) Conqueror S4 - YouTube
1531225401675,41.091957,[0:101.333;],playing,480x854,480x854,lD5Y5lu7p1I,817.281,Sea Dragon Stage 6 DNM (Force User POV) Conqueror S4 - YouTube
1531225401939,41.355374,[0:101.333;],playing,480x854,480x854,lD5Y5lu7p1I,817.281,Sea Dragon Stage 6 DNM (Force User POV) Conqueror S4 - YouTube
1531225402199,41.615347,[0:101.333;],playing,480x854,480x854,lD5Y5lu7p1I,817.281,Sea Dragon Stage 6 DNM (Force User POV) Conqueror S4 - YouTube
1531225402457,41.873545,[0:101.333;],playing,480x854,480x854,lD5Y5lu7p1I,817.281,Sea Dragon Stage 6 DNM (Force User POV) Conqueror S4 - YouTube
1531225402716,42.13235,[0:101.333;],playing,480x854,480x854,lD5Y5lu7p1I,817.281,Sea Dragon Stage 6 DNM (Force User POV) Conqueror S4 - YouTube
1531225402975,42.391567,[0:101.333;],playing,480x854,480x854,lD5Y5lu7p1I,817.281,Sea Dragon Stage 6 DNM (Force User POV) Conqueror S4 - YouTube
1531225403232,42.64941,[0:101.333;],playing,480x854,480x854,lD5Y5lu7p1I,817.281,Sea Dragon Stage 6 DNM (Force User POV) Conqueror S4 - YouTube
1531225403493,42.909936,[0:101.333;],playing,480x854,480x854,lD5Y5lu7p1I,817.281,Sea Dragon Stage 6 DNM (Force User POV) Conqueror S4 - YouTube
1531225403753,43.170226,[0:101.333;],playing,480x854,480x854,lD5Y5lu7p1I,817.281,Sea Dragon Stage 6 DNM (Force User POV) Conqueror S4 - YouTube
1531225404017,43.433603,[0:101.333;],playing,480x854,480x854,lD5Y5lu7p1I,817.281,Sea Dragon Stage 6 DNM (Force User POV) Conqueror S4 - YouTube
1531225404277,43.693694,[0:101.333;],playing,480x854,480x854,lD5Y5lu7p1I,817.281,Sea Dragon Stage 6 DNM (Force User POV) Conqueror S4 - YouTube
1531225404536,43.953054,[0:101.333;],playing,480x854,480x854,lD5Y5lu7p1I,817.281,Sea Dragon Stage 6 DNM (Force User POV) Conqueror S4 - YouTube
1531225404796,44.213212,[0:101.333;],playing,480x854,480x854,lD5Y5lu7p1I,817.281,Sea Dragon Stage 6 DNM (Force User POV) Conqueror S4 - YouTube
1531225405057,44.47356,[0:101.333;],playing,480x854,480x854,lD5Y5lu7p1I,817.281,Sea Dragon Stage 6 DNM (Force User POV) Conqueror S4 - YouTube
1531225405319,44.735277,[0:101.333;],playing,480x854,480x854,lD5Y5lu7p1I,817.281,Sea Dragon Stage 6 DNM (Force User POV) Conqueror S4 - YouTube
1531225405579,44.99582,[0:101.333;],playing,480x854,480x854,lD5Y5lu7p1I,817.281,Sea Dragon Stage 6 DNM (Force User POV) Conqueror S4 - YouTube
1531225405838,45.254076,[0:101.333;],playing,480x854,480x854,lD5Y5lu7p1I,817.281,Sea Dragon Stage 6 DNM (Force User POV) Conqueror S4 - YouTube
1531225406100,45.517502,[0:101.333;],playing,480x854,480x854,lD5Y5lu7p1I,817.281,Sea Dragon Stage 6 DNM (Force User POV) Conqueror S4 - YouTube
1531225406359,45.77557,[0:101.333;],playing,480x854,480x854,lD5Y5lu7p1I,817.281,Sea Dragon Stage 6 DNM (Force User POV) Conqueror S4 - YouTube
1531225406615,46.031732,[0:101.333;],playing,480x854,480x854,lD5Y5lu7p1I,817.281,Sea Dragon Stage 6 DNM (Force User POV) Conqueror S4 - YouTube
1531225406870,46.287255,[0:101.333;],playing,480x854,480x854,lD5Y5lu7p1I,817.281,Sea Dragon Stage 6 DNM (Force User POV) Conqueror S4 - YouTube
1531225407126,46.542779,[0:101.333;],playing,480x854,480x854,lD5Y5lu7p1I,817.281,Sea Dragon Stage 6 DNM (Force User POV) Conqueror S4 - YouTube
1531225407382,46.798815,[0:110.001;],playing,480x854,480x854,lD5Y5lu7p1I,817.281,Sea Dragon Stage 6 DNM (Force User POV) Conqueror S4 - YouTube
1531225407644,47.060689,[0:110.001;],playing,480x854,480x854,lD5Y5lu7p1I,817.281,Sea Dragon Stage 6 DNM (Force User POV) Conqueror S4 - YouTube
1531225407901,47.318181,[0:110.001;],playing,480x854,480x854,lD5Y5lu7p1I,817.281,Sea Dragon Stage 6 DNM (Force User POV) Conqueror S4 - YouTube
1531225408160,47.577028,[0:110.001;],playing,480x854,480x854,lD5Y5lu7p1I,817.281,Sea Dragon Stage 6 DNM (Force User POV) Conqueror S4 - YouTube
1531225408420,47.837269,[0:110.001;],playing,480x854,480x854,lD5Y5lu7p1I,817.281,Sea Dragon Stage 6 DNM (Force User POV) Conqueror S4 - YouTube
1531225408682,48.098835,[0:110.001;],playing,480x854,480x854,lD5Y5lu7p1I,817.281,Sea Dragon Stage 6 DNM (Force User POV) Conqueror S4 - YouTube
1531225408944,48.360872,[0:110.001;],playing,480x854,480x854,lD5Y5lu7p1I,817.281,Sea Dragon Stage 6 DNM (Force User POV) Conqueror S4 - YouTube
1531225409205,48.62209,[0:110.001;],playing,480x854,480x854,lD5Y5lu7p1I,817.281,Sea Dragon Stage 6 DNM (Force User POV) Conqueror S4 - YouTube
1531225409466,48.882659,[0:110.001;],playing,480x854,480x854,lD5Y5lu7p1I,817.281,Sea Dragon Stage 6 DNM (Force User POV) Conqueror S4 - YouTube
1531225409725,49.142156,[0:110.001;],playing,480x854,480x854,lD5Y5lu7p1I,817.281,Sea Dragon Stage 6 DNM (Force User POV) Conqueror S4 - YouTube
1531225409996,49.412679,[0:110.001;],playing,480x854,480x854,lD5Y5lu7p1I,817.281,Sea Dragon Stage 6 DNM (Force User POV) Conqueror S4 - YouTube
1531225410254,49.670806,[0:122.666;],playing,480x854,480x854,lD5Y5lu7p1I,817.281,Sea Dragon Stage 6 DNM (Force User POV) Conqueror S4 - YouTube
1531225410513,49.929454,[0:122.666;],playing,480x854,480x854,lD5Y5lu7p1I,817.281,Sea Dragon Stage 6 DNM (Force User POV) Conqueror S4 - YouTube
1531225410772,50.188472,[0:122.666;],playing,480x854,480x854,lD5Y5lu7p1I,817.281,Sea Dragon Stage 6 DNM (Force User POV) Conqueror S4 - YouTube
1531225411031,50.447419,[0:122.666;],playing,480x854,480x854,lD5Y5lu7p1I,817.281,Sea Dragon Stage 6 DNM (Force User POV) Conqueror S4 - YouTube
1531225411289,50.706334,[0:122.666;],playing,480x854,480x854,lD5Y5lu7p1I,817.281,Sea Dragon Stage 6 DNM (Force User POV) Conqueror S4 - YouTube
1531225411550,50.966661,[0:122.666;],playing,480x854,480x854,lD5Y5lu7p1I,817.281,Sea Dragon Stage 6 DNM (Force User POV) Conqueror S4 - YouTube
1531225411809,51.225541,[0:122.666;],playing,480x854,480x854,lD5Y5lu7p1I,817.281,Sea Dragon Stage 6 DNM (Force User POV) Conqueror S4 - YouTube
1531225412069,51.485665,[0:122.666;],playing,480x854,480x854,lD5Y5lu7p1I,817.281,Sea Dragon Stage 6 DNM (Force User POV) Conqueror S4 - YouTube
1531225412329,51.745068,[0:122.666;],playing,480x854,480x854,lD5Y5lu7p1I,817.281,Sea Dragon Stage 6 DNM (Force User POV) Conqueror S4 - YouTube
1531225412588,52.004285,[0:122.666;],playing,480x854,480x854,lD5Y5lu7p1I,817.281,Sea Dragon Stage 6 DNM (Force User POV) Conqueror S4 - YouTube
1531225412848,52.26538,[0:122.666;],playing,480x854,480x854,lD5Y5lu7p1I,817.281,Sea Dragon Stage 6 DNM (Force User POV) Conqueror S4 - YouTube
1531225413107,52.523438,[0:122.666;],playing,480x854,480x854,lD5Y5lu7p1I,817.281,Sea Dragon Stage 6 DNM (Force User POV) Conqueror S4 - YouTube
1531225413362,52.778706,[0:122.666;],playing,480x854,480x854,lD5Y5lu7p1I,817.281,Sea Dragon Stage 6 DNM (Force User POV) Conqueror S4 - YouTube
1531225413621,53.037678,[0:122.666;],playing,480x854,480x854,lD5Y5lu7p1I,817.281,Sea Dragon Stage 6 DNM (Force User POV) Conqueror S4 - YouTube
1531225413881,53.297152,[0:122.666;],playing,480x854,480x854,lD5Y5lu7p1I,817.281,Sea Dragon Stage 6 DNM (Force User POV) Conqueror S4 - YouTube
1531225414139,53.555742,[0:122.666;],playing,480x854,480x854,lD5Y5lu7p1I,817.281,Sea Dragon Stage 6 DNM (Force User POV) Conqueror S4 - YouTube
1531225414398,53.814281,[0:122.666;],playing,480x854,480x854,lD5Y5lu7p1I,817.281,Sea Dragon Stage 6 DNM (Force User POV) Conqueror S4 - YouTube
1531225414658,54.074522,[0:122.666;],playing,480x854,480x854,lD5Y5lu7p1I,817.281,Sea Dragon Stage 6 DNM (Force User POV) Conqueror S4 - YouTube
1531225414920,54.336303,[0:122.666;],playing,480x854,480x854,lD5Y5lu7p1I,817.281,Sea Dragon Stage 6 DNM (Force User POV) Conqueror S4 - YouTube
1531225415180,54.596597,[0:122.666;],playing,480x854,480x854,lD5Y5lu7p1I,817.281,Sea Dragon Stage 6 DNM (Force User POV) Conqueror S4 - YouTube
1531225415439,54.856205,[0:122.666;],playing,480x854,480x854,lD5Y5lu7p1I,817.281,Sea Dragon Stage 6 DNM (Force User POV) Conqueror S4 - YouTube
1531225415698,55.114369,[0:122.666;],playing,480x854,480x854,lD5Y5lu7p1I,817.281,Sea Dragon Stage 6 DNM (Force User POV) Conqueror S4 - YouTube
1531225415957,55.37388,[0:122.666;],playing,480x854,480x854,lD5Y5lu7p1I,817.281,Sea Dragon Stage 6 DNM (Force User POV) Conqueror S4 - YouTube
1531225416218,55.634489,[0:122.666;],playing,480x854,480x854,lD5Y5lu7p1I,817.281,Sea Dragon Stage 6 DNM (Force User POV) Conqueror S4 - YouTube
1531225416477,55.893185,[0:122.666;],playing,480x854,480x854,lD5Y5lu7p1I,817.281,Sea Dragon Stage 6 DNM (Force User POV) Conqueror S4 - YouTube
1531225416735,56.152747,[0:122.666;],playing,480x854,480x854,lD5Y5lu7p1I,817.281,Sea Dragon Stage 6 DNM (Force User POV) Conqueror S4 - YouTube
1531225416999,56.415462,[0:122.666;],playing,480x854,480x854,lD5Y5lu7p1I,817.281,Sea Dragon Stage 6 DNM (Force User POV) Conqueror S4 - YouTube
1531225417257,56.672857,[0:122.666;],playing,480x854,480x854,lD5Y5lu7p1I,817.281,Sea Dragon Stage 6 DNM (Force User POV) Conqueror S4 - YouTube
1531225417514,56.929585,[0:122.666;],playing,480x854,480x854,lD5Y5lu7p1I,817.281,Sea Dragon Stage 6 DNM (Force User POV) Conqueror S4 - YouTube
1531225417770,57.186219,[0:144;],playing,480x854,480x854,lD5Y5lu7p1I,817.281,Sea Dragon Stage 6 DNM (Force User POV) Conqueror S4 - YouTube
1531225418028,57.444811,[0:144;],playing,480x854,480x854,lD5Y5lu7p1I,817.281,Sea Dragon Stage 6 DNM (Force User POV) Conqueror S4 - YouTube
1531225418287,57.703082,[0:144;],playing,480x854,480x854,lD5Y5lu7p1I,817.281,Sea Dragon Stage 6 DNM (Force User POV) Conqueror S4 - YouTube
1531225418546,57.962774,[0:144;],playing,480x854,480x854,lD5Y5lu7p1I,817.281,Sea Dragon Stage 6 DNM (Force User POV) Conqueror S4 - YouTube
1531225418806,58.222277,[0:144;],playing,480x854,480x854,lD5Y5lu7p1I,817.281,Sea Dragon Stage 6 DNM (Force User POV) Conqueror S4 - YouTube
1531225419063,58.479317,[0:144;],playing,480x854,480x854,lD5Y5lu7p1I,817.281,Sea Dragon Stage 6 DNM (Force User POV) Conqueror S4 - YouTube
1531225419322,58.738113,[0:144;],playing,480x854,480x854,lD5Y5lu7p1I,817.281,Sea Dragon Stage 6 DNM (Force User POV) Conqueror S4 - YouTube
1531225419583,58.9992,[0:144;],playing,480x854,480x854,lD5Y5lu7p1I,817.281,Sea Dragon Stage 6 DNM (Force User POV) Conqueror S4 - YouTube
1531225419845,59.261175,[0:144;],playing,480x854,480x854,lD5Y5lu7p1I,817.281,Sea Dragon Stage 6 DNM (Force User POV) Conqueror S4 - YouTube
1531225420105,59.521898,[0:144;],playing,480x854,480x854,lD5Y5lu7p1I,817.281,Sea Dragon Stage 6 DNM (Force User POV) Conqueror S4 - YouTube
1531225420366,59.782375,[0:144;],playing,480x854,480x854,lD5Y5lu7p1I,817.281,Sea Dragon Stage 6 DNM (Force User POV) Conqueror S4 - YouTube
1531225420623,60.039299,[0:144;],playing,480x854,480x854,lD5Y5lu7p1I,817.281,Sea Dragon Stage 6 DNM (Force User POV) Conqueror S4 - YouTube
1531225420882,60.298083,[0:144;],playing,480x854,480x854,lD5Y5lu7p1I,817.281,Sea Dragon Stage 6 DNM (Force User POV) Conqueror S4 - YouTube
1531225421141,60.558213,[0:144;],playing,480x854,480x854,lD5Y5lu7p1I,817.281,Sea Dragon Stage 6 DNM (Force User POV) Conqueror S4 - YouTube
1531225421404,60.820217,[0:144;],playing,480x854,480x854,lD5Y5lu7p1I,817.281,Sea Dragon Stage 6 DNM (Force User POV) Conqueror S4 - YouTube
1531225421662,61.078248,[0:144;],playing,480x854,480x854,lD5Y5lu7p1I,817.281,Sea Dragon Stage 6 DNM (Force User POV) Conqueror S4 - YouTube
1531225421921,61.337306,[0:144;],playing,480x854,480x854,lD5Y5lu7p1I,817.281,Sea Dragon Stage 6 DNM (Force User POV) Conqueror S4 - YouTube
1531225422182,61.597779,[0:144;],playing,480x854,480x854,lD5Y5lu7p1I,817.281,Sea Dragon Stage 6 DNM (Force User POV) Conqueror S4 - YouTube
1531225422444,61.860015,[0:144;],playing,480x854,480x854,lD5Y5lu7p1I,817.281,Sea Dragon Stage 6 DNM (Force User POV) Conqueror S4 - YouTube
1531225422702,62.118407,[0:144;],playing,480x854,480x854,lD5Y5lu7p1I,817.281,Sea Dragon Stage 6 DNM (Force User POV) Conqueror S4 - YouTube
1531225422962,62.378444,[0:144;],playing,480x854,480x854,lD5Y5lu7p1I,817.281,Sea Dragon Stage 6 DNM (Force User POV) Conqueror S4 - YouTube
1531225423222,62.638403,[0:144;],playing,480x854,480x854,lD5Y5lu7p1I,817.281,Sea Dragon Stage 6 DNM (Force User POV) Conqueror S4 - YouTube
1531225423483,62.898826,[0:144;],playing,480x854,480x854,lD5Y5lu7p1I,817.281,Sea Dragon Stage 6 DNM (Force User POV) Conqueror S4 - YouTube
1531225423745,63.160822,[0:144;],playing,480x854,480x854,lD5Y5lu7p1I,817.281,Sea Dragon Stage 6 DNM (Force User POV) Conqueror S4 - YouTube
1531225424007,63.423287,[0:144;],playing,480x854,480x854,lD5Y5lu7p1I,817.281,Sea Dragon Stage 6 DNM (Force User POV) Conqueror S4 - YouTube
1531225424267,63.683485,[0:144;],playing,480x854,480x854,lD5Y5lu7p1I,817.281,Sea Dragon Stage 6 DNM (Force User POV) Conqueror S4 - YouTube
1531225424526,63.942396,[0:144;],playing,480x854,480x854,lD5Y5lu7p1I,817.281,Sea Dragon Stage 6 DNM (Force User POV) Conqueror S4 - YouTube
1531225424784,64.20092,[0:144;],playing,480x854,480x854,lD5Y5lu7p1I,817.281,Sea Dragon Stage 6 DNM (Force User POV) Conqueror S4 - YouTube
1531225425039,64.455843,[0:144;],playing,480x854,480x854,lD5Y5lu7p1I,817.281,Sea Dragon Stage 6 DNM (Force User POV) Conqueror S4 - YouTube
1531225425299,64.715461,[0:144;],playing,480x854,480x854,lD5Y5lu7p1I,817.281,Sea Dragon Stage 6 DNM (Force User POV) Conqueror S4 - YouTube
1531225425556,64.972129,[0:144;],playing,480x854,480x854,lD5Y5lu7p1I,817.281,Sea Dragon Stage 6 DNM (Force User POV) Conqueror S4 - YouTube
1531225425813,65.229668,[0:144;],playing,480x854,480x854,lD5Y5lu7p1I,817.281,Sea Dragon Stage 6 DNM (Force User POV) Conqueror S4 - YouTube
1531225426072,65.488095,[0:144;],playing,480x854,480x854,lD5Y5lu7p1I,817.281,Sea Dragon Stage 6 DNM (Force User POV) Conqueror S4 - YouTube
1531225426330,65.745735,[0:144;],playing,480x854,480x854,lD5Y5lu7p1I,817.281,Sea Dragon Stage 6 DNM (Force User POV) Conqueror S4 - YouTube
1531225426588,66.00453,[0:144;],playing,480x854,480x854,lD5Y5lu7p1I,817.281,Sea Dragon Stage 6 DNM (Force User POV) Conqueror S4 - YouTube
1531225426850,66.266108,[0:144;],playing,480x854,480x854,lD5Y5lu7p1I,817.281,Sea Dragon Stage 6 DNM (Force User POV) Conqueror S4 - YouTube
1531225427107,66.523205,[0:144;],playing,480x854,480x854,lD5Y5lu7p1I,817.281,Sea Dragon Stage 6 DNM (Force User POV) Conqueror S4 - YouTube
1531225427367,66.783099,[0:144;],playing,480x854,480x854,lD5Y5lu7p1I,817.281,Sea Dragon Stage 6 DNM (Force User POV) Conqueror S4 - YouTube
1531225427625,67.04088,[0:144;],playing,480x854,480x854,lD5Y5lu7p1I,817.281,Sea Dragon Stage 6 DNM (Force User POV) Conqueror S4 - YouTube
1531225427884,67.300361,[0:144;],playing,480x854,480x854,lD5Y5lu7p1I,817.281,Sea Dragon Stage 6 DNM (Force User POV) Conqueror S4 - YouTube
1531225428141,67.556518,[0:144;],playing,480x854,480x854,lD5Y5lu7p1I,817.281,Sea Dragon Stage 6 DNM (Force User POV) Conqueror S4 - YouTube
1531225428396,67.812441,[0:144;],playing,480x854,480x854,lD5Y5lu7p1I,817.281,Sea Dragon Stage 6 DNM (Force User POV) Conqueror S4 - YouTube
1531225428651,68.067777,[0:144;],playing,480x854,480x854,lD5Y5lu7p1I,817.281,Sea Dragon Stage 6 DNM (Force User POV) Conqueror S4 - YouTube
1531225428912,68.328549,[0:150.001;],playing,480x854,480x854,lD5Y5lu7p1I,817.281,Sea Dragon Stage 6 DNM (Force User POV) Conqueror S4 - YouTube
1531225429175,68.590899,[0:150.001;],playing,480x854,480x854,lD5Y5lu7p1I,817.281,Sea Dragon Stage 6 DNM (Force User POV) Conqueror S4 - YouTube
1531225429437,68.853593,[0:150.001;],playing,480x854,480x854,lD5Y5lu7p1I,817.281,Sea Dragon Stage 6 DNM (Force User POV) Conqueror S4 - YouTube
1531225429698,69.114357,[0:150.001;],playing,480x854,480x854,lD5Y5lu7p1I,817.281,Sea Dragon Stage 6 DNM (Force User POV) Conqueror S4 - YouTube
1531225429960,69.376559,[0:150.001;],playing,480x854,480x854,lD5Y5lu7p1I,817.281,Sea Dragon Stage 6 DNM (Force User POV) Conqueror S4 - YouTube
1531225430220,69.63607,[0:150.001;],playing,480x854,480x854,lD5Y5lu7p1I,817.281,Sea Dragon Stage 6 DNM (Force User POV) Conqueror S4 - YouTube
1531225430478,69.894032,[0:165.333;],playing,480x854,480x854,lD5Y5lu7p1I,817.281,Sea Dragon Stage 6 DNM (Force User POV) Conqueror S4 - YouTube
1531225430737,70.152931,[0:165.333;],playing,480x854,480x854,lD5Y5lu7p1I,817.281,Sea Dragon Stage 6 DNM (Force User POV) Conqueror S4 - YouTube
1531225430996,70.41303,[0:165.333;],playing,480x854,480x854,lD5Y5lu7p1I,817.281,Sea Dragon Stage 6 DNM (Force User POV) Conqueror S4 - YouTube
1531225431256,70.672117,[0:165.333;],playing,480x854,480x854,lD5Y5lu7p1I,817.281,Sea Dragon Stage 6 DNM (Force User POV) Conqueror S4 - YouTube
1531225431513,70.929239,[0:165.333;],playing,480x854,480x854,lD5Y5lu7p1I,817.281,Sea Dragon Stage 6 DNM (Force User POV) Conqueror S4 - YouTube
1531225431771,71.187973,[0:165.333;],playing,480x854,480x854,lD5Y5lu7p1I,817.281,Sea Dragon Stage 6 DNM (Force User POV) Conqueror S4 - YouTube
1531225432032,71.448675,[0:165.333;],playing,480x854,480x854,lD5Y5lu7p1I,817.281,Sea Dragon Stage 6 DNM (Force User POV) Conqueror S4 - YouTube
1531225432293,71.708934,[0:165.333;],playing,480x854,480x854,lD5Y5lu7p1I,817.281,Sea Dragon Stage 6 DNM (Force User POV) Conqueror S4 - YouTube
1531225432551,71.967145,[0:165.333;],playing,480x854,480x854,lD5Y5lu7p1I,817.281,Sea Dragon Stage 6 DNM (Force User POV) Conqueror S4 - YouTube
1531225432809,72.225236,[0:165.333;],playing,480x854,480x854,lD5Y5lu7p1I,817.281,Sea Dragon Stage 6 DNM (Force User POV) Conqueror S4 - YouTube
1531225433068,72.484339,[0:165.333;],playing,480x854,480x854,lD5Y5lu7p1I,817.281,Sea Dragon Stage 6 DNM (Force User POV) Conqueror S4 - YouTube
1531225433327,72.743259,[0:165.333;],playing,480x854,480x854,lD5Y5lu7p1I,817.281,Sea Dragon Stage 6 DNM (Force User POV) Conqueror S4 - YouTube
1531225433586,73.002314,[0:165.333;],playing,480x854,480x854,lD5Y5lu7p1I,817.281,Sea Dragon Stage 6 DNM (Force User POV) Conqueror S4 - YouTube
1531225433846,73.262604,[0:165.333;],playing,480x854,480x854,lD5Y5lu7p1I,817.281,Sea Dragon Stage 6 DNM (Force User POV) Conqueror S4 - YouTube
1531225434105,73.521723,[0:165.333;],playing,480x854,480x854,lD5Y5lu7p1I,817.281,Sea Dragon Stage 6 DNM (Force User POV) Conqueror S4 - YouTube
1531225434365,73.781208,[0:165.333;],playing,480x854,480x854,lD5Y5lu7p1I,817.281,Sea Dragon Stage 6 DNM (Force User POV) Conqueror S4 - YouTube
1531225434622,74.038311,[0:165.333;],playing,480x854,480x854,lD5Y5lu7p1I,817.281,Sea Dragon Stage 6 DNM (Force User POV) Conqueror S4 - YouTube
1531225434881,74.298113,[0:165.333;],playing,480x854,480x854,lD5Y5lu7p1I,817.281,Sea Dragon Stage 6 DNM (Force User POV) Conqueror S4 - YouTube
1531225435144,74.56069,[0:165.333;],playing,480x854,480x854,lD5Y5lu7p1I,817.281,Sea Dragon Stage 6 DNM (Force User POV) Conqueror S4 - YouTube
1531225435404,74.820547,[0:165.333;],playing,480x854,480x854,lD5Y5lu7p1I,817.281,Sea Dragon Stage 6 DNM (Force User POV) Conqueror S4 - YouTube
1531225435663,75.079387,[0:165.333;],playing,480x854,480x854,lD5Y5lu7p1I,817.281,Sea Dragon Stage 6 DNM (Force User POV) Conqueror S4 - YouTube
1531225435922,75.33805,[0:165.333;],playing,480x854,480x854,lD5Y5lu7p1I,817.281,Sea Dragon Stage 6 DNM (Force User POV) Conqueror S4 - YouTube
1531225436181,75.597247,[0:165.333;],playing,480x854,480x854,lD5Y5lu7p1I,817.281,Sea Dragon Stage 6 DNM (Force User POV) Conqueror S4 - YouTube
1531225436444,75.859391,[0:165.333;],playing,480x854,480x854,lD5Y5lu7p1I,817.281,Sea Dragon Stage 6 DNM (Force User POV) Conqueror S4 - YouTube
1531225436702,76.119001,[0:165.333;],playing,480x854,480x854,lD5Y5lu7p1I,817.281,Sea Dragon Stage 6 DNM (Force User POV) Conqueror S4 - YouTube
1531225436962,76.378512,[0:165.333;],playing,480x854,480x854,lD5Y5lu7p1I,817.281,Sea Dragon Stage 6 DNM (Force User POV) Conqueror S4 - YouTube
1531225437220,76.636798,[0:165.333;],playing,480x854,480x854,lD5Y5lu7p1I,817.281,Sea Dragon Stage 6 DNM (Force User POV) Conqueror S4 - YouTube
1531225437487,76.903796,[0:165.333;],playing,480x854,480x854,lD5Y5lu7p1I,817.281,Sea Dragon Stage 6 DNM (Force User POV) Conqueror S4 - YouTube
1531225437750,77.166234,[0:165.333;],playing,480x854,480x854,lD5Y5lu7p1I,817.281,Sea Dragon Stage 6 DNM (Force User POV) Conqueror S4 - YouTube
1531225438006,77.422334,[0:165.333;],playing,480x854,480x854,lD5Y5lu7p1I,817.281,Sea Dragon Stage 6 DNM (Force User POV) Conqueror S4 - YouTube
1531225438262,77.678592,[0:165.333;],playing,480x854,480x854,lD5Y5lu7p1I,817.281,Sea Dragon Stage 6 DNM (Force User POV) Conqueror S4 - YouTube
1531225438522,77.938002,[0:190.001;],playing,480x854,480x854,lD5Y5lu7p1I,817.281,Sea Dragon Stage 6 DNM (Force User POV) Conqueror S4 - YouTube
1531225438780,78.19668,[0:190.001;],playing,480x854,480x854,lD5Y5lu7p1I,817.281,Sea Dragon Stage 6 DNM (Force User POV) Conqueror S4 - YouTube
1531225439038,78.454513,[0:190.001;],playing,480x854,480x854,lD5Y5lu7p1I,817.281,Sea Dragon Stage 6 DNM (Force User POV) Conqueror S4 - YouTube
1531225439299,78.715562,[0:190.001;],playing,480x854,480x854,lD5Y5lu7p1I,817.281,Sea Dragon Stage 6 DNM (Force User POV) Conqueror S4 - YouTube
1531225439557,78.973156,[0:190.001;],playing,480x854,480x854,lD5Y5lu7p1I,817.281,Sea Dragon Stage 6 DNM (Force User POV) Conqueror S4 - YouTube
1531225439814,79.229979,[0:190.001;],playing,480x854,480x854,lD5Y5lu7p1I,817.281,Sea Dragon Stage 6 DNM (Force User POV) Conqueror S4 - YouTube
1531225440073,79.489299,[0:190.001;],playing,480x854,480x854,lD5Y5lu7p1I,817.281,Sea Dragon Stage 6 DNM (Force User POV) Conqueror S4 - YouTube
1531225440333,79.748736,[0:190.001;],playing,480x854,480x854,lD5Y5lu7p1I,817.281,Sea Dragon Stage 6 DNM (Force User POV) Conqueror S4 - YouTube
1531225440592,80.007935,[0:190.001;],playing,480x854,480x854,lD5Y5lu7p1I,817.281,Sea Dragon Stage 6 DNM (Force User POV) Conqueror S4 - YouTube
1531225440851,80.267513,[0:190.001;],playing,480x854,480x854,lD5Y5lu7p1I,817.281,Sea Dragon Stage 6 DNM (Force User POV) Conqueror S4 - YouTube
1531225441111,80.527141,[0:190.001;],playing,480x854,480x854,lD5Y5lu7p1I,817.281,Sea Dragon Stage 6 DNM (Force User POV) Conqueror S4 - YouTube
1531225441370,80.7864,[0:190.001;],playing,480x854,480x854,lD5Y5lu7p1I,817.281,Sea Dragon Stage 6 DNM (Force User POV) Conqueror S4 - YouTube
1531225441630,81.046326,[0:190.001;],playing,480x854,480x854,lD5Y5lu7p1I,817.281,Sea Dragon Stage 6 DNM (Force User POV) Conqueror S4 - YouTube
1531225441914,81.330406,[0:190.001;],playing,480x854,480x854,lD5Y5lu7p1I,817.281,Sea Dragon Stage 6 DNM (Force User POV) Conqueror S4 - YouTube
1531225442174,81.590578,[0:190.001;],playing,480x854,480x854,lD5Y5lu7p1I,817.281,Sea Dragon Stage 6 DNM (Force User POV) Conqueror S4 - YouTube
1531225442432,81.848247,[0:190.001;],playing,480x854,480x854,lD5Y5lu7p1I,817.281,Sea Dragon Stage 6 DNM (Force User POV) Conqueror S4 - YouTube
1531225442692,82.107739,[0:190.001;],playing,480x854,480x854,lD5Y5lu7p1I,817.281,Sea Dragon Stage 6 DNM (Force User POV) Conqueror S4 - YouTube
1531225442952,82.368408,[0:190.001;],playing,480x854,480x854,lD5Y5lu7p1I,817.281,Sea Dragon Stage 6 DNM (Force User POV) Conqueror S4 - YouTube
1531225443213,82.628838,[0:190.001;],playing,480x854,480x854,lD5Y5lu7p1I,817.281,Sea Dragon Stage 6 DNM (Force User POV) Conqueror S4 - YouTube
1531225443471,82.88678,[0:190.001;],playing,480x854,480x854,lD5Y5lu7p1I,817.281,Sea Dragon Stage 6 DNM (Force User POV) Conqueror S4 - YouTube
1531225443728,83.144385,[0:190.001;],playing,480x854,480x854,lD5Y5lu7p1I,817.281,Sea Dragon Stage 6 DNM (Force User POV) Conqueror S4 - YouTube
1531225443985,83.401088,[0:190.001;],playing,480x854,480x854,lD5Y5lu7p1I,817.281,Sea Dragon Stage 6 DNM (Force User POV) Conqueror S4 - YouTube
1531225444244,83.660665,[0:190.001;],playing,480x854,480x854,lD5Y5lu7p1I,817.281,Sea Dragon Stage 6 DNM (Force User POV) Conqueror S4 - YouTube
1531225444504,83.920263,[0:190.001;],playing,480x854,480x854,lD5Y5lu7p1I,817.281,Sea Dragon Stage 6 DNM (Force User POV) Conqueror S4 - YouTube
1531225444763,84.180037,[0:190.001;],playing,480x854,480x854,lD5Y5lu7p1I,817.281,Sea Dragon Stage 6 DNM (Force User POV) Conqueror S4 - YouTube
1531225445023,84.43937,[0:190.001;],playing,480x854,480x854,lD5Y5lu7p1I,817.281,Sea Dragon Stage 6 DNM (Force User POV) Conqueror S4 - YouTube
1531225445282,84.698794,[0:190.001;],playing,480x854,480x854,lD5Y5lu7p1I,817.281,Sea Dragon Stage 6 DNM (Force User POV) Conqueror S4 - YouTube
1531225445543,84.959117,[0:190.001;],playing,480x854,480x854,lD5Y5lu7p1I,817.281,Sea Dragon Stage 6 DNM (Force User POV) Conqueror S4 - YouTube
1531225445800,85.216745,[0:190.001;],playing,480x854,480x854,lD5Y5lu7p1I,817.281,Sea Dragon Stage 6 DNM (Force User POV) Conqueror S4 - YouTube
1531225446060,85.475878,[0:190.001;],playing,480x854,480x854,lD5Y5lu7p1I,817.281,Sea Dragon Stage 6 DNM (Force User POV) Conqueror S4 - YouTube
1531225446320,85.736811,[0:190.001;],playing,480x854,480x854,lD5Y5lu7p1I,817.281,Sea Dragon Stage 6 DNM (Force User POV) Conqueror S4 - YouTube
1531225446582,85.998119,[0:190.001;],playing,480x854,480x854,lD5Y5lu7p1I,817.281,Sea Dragon Stage 6 DNM (Force User POV) Conqueror S4 - YouTube
1531225446843,86.259849,[0:190.001;],playing,480x854,480x854,lD5Y5lu7p1I,817.281,Sea Dragon Stage 6 DNM (Force User POV) Conqueror S4 - YouTube
1531225447104,86.520633,[0:190.001;],playing,480x854,480x854,lD5Y5lu7p1I,817.281,Sea Dragon Stage 6 DNM (Force User POV) Conqueror S4 - YouTube
1531225447365,86.781683,[0:190.001;],playing,480x854,480x854,lD5Y5lu7p1I,817.281,Sea Dragon Stage 6 DNM (Force User POV) Conqueror S4 - YouTube
1531225447627,87.043053,[0:190.001;],playing,480x854,480x854,lD5Y5lu7p1I,817.281,Sea Dragon Stage 6 DNM (Force User POV) Conqueror S4 - YouTube
1531225447889,87.305117,[0:190.001;],playing,480x854,480x854,lD5Y5lu7p1I,817.281,Sea Dragon Stage 6 DNM (Force User POV) Conqueror S4 - YouTube
1531225448151,87.567036,[0:190.001;],playing,480x854,480x854,lD5Y5lu7p1I,817.281,Sea Dragon Stage 6 DNM (Force User POV) Conqueror S4 - YouTube
1531225448409,87.82569,[0:190.001;],playing,480x854,480x854,lD5Y5lu7p1I,817.281,Sea Dragon Stage 6 DNM (Force User POV) Conqueror S4 - YouTube
1531225448668,88.08419,[0:190.001;],playing,480x854,480x854,lD5Y5lu7p1I,817.281,Sea Dragon Stage 6 DNM (Force User POV) Conqueror S4 - YouTube
1531225448928,88.344271,[0:190.001;],playing,480x854,480x854,lD5Y5lu7p1I,817.281,Sea Dragon Stage 6 DNM (Force User POV) Conqueror S4 - YouTube
1531225449188,88.604751,[0:190.001;],playing,480x854,480x854,lD5Y5lu7p1I,817.281,Sea Dragon Stage 6 DNM (Force User POV) Conqueror S4 - YouTube
1531225449449,88.865584,[0:190.001;],playing,480x854,480x854,lD5Y5lu7p1I,817.281,Sea Dragon Stage 6 DNM (Force User POV) Conqueror S4 - YouTube
1531225449709,89.125369,[0:190.001;],playing,480x854,480x854,lD5Y5lu7p1I,817.281,Sea Dragon Stage 6 DNM (Force User POV) Conqueror S4 - YouTube
1531225449969,89.385888,[0:190.001;],playing,480x854,480x854,lD5Y5lu7p1I,817.281,Sea Dragon Stage 6 DNM (Force User POV) Conqueror S4 - YouTube
1531225450230,89.646413,[0:190.001;],playing,480x854,480x854,lD5Y5lu7p1I,817.281,Sea Dragon Stage 6 DNM (Force User POV) Conqueror S4 - YouTube
1531225450497,89.913673,[0:190.001;],playing,480x854,480x854,lD5Y5lu7p1I,817.281,Sea Dragon Stage 6 DNM (Force User POV) Conqueror S4 - YouTube
1531225450755,90.171666,[0:192;],playing,480x854,480x854,lD5Y5lu7p1I,817.281,Sea Dragon Stage 6 DNM (Force User POV) Conqueror S4 - YouTube
1531225451014,90.43088,[0:192;],playing,480x854,480x854,lD5Y5lu7p1I,817.281,Sea Dragon Stage 6 DNM (Force User POV) Conqueror S4 - YouTube
1531225451273,90.6897,[0:192;],playing,480x854,480x854,lD5Y5lu7p1I,817.281,Sea Dragon Stage 6 DNM (Force User POV) Conqueror S4 - YouTube
1531225451532,90.948282,[0:192;],playing,480x854,480x854,lD5Y5lu7p1I,817.281,Sea Dragon Stage 6 DNM (Force User POV) Conqueror S4 - YouTube
1531225451789,91.204941,[0:192;],playing,480x854,480x854,lD5Y5lu7p1I,817.281,Sea Dragon Stage 6 DNM (Force User POV) Conqueror S4 - YouTube
1531225452046,91.46241,[0:192;],playing,480x854,480x854,lD5Y5lu7p1I,817.281,Sea Dragon Stage 6 DNM (Force User POV) Conqueror S4 - YouTube
1531225452302,91.717816,[0:192;],playing,480x854,480x854,lD5Y5lu7p1I,817.281,Sea Dragon Stage 6 DNM (Force User POV) Conqueror S4 - YouTube
1531225452560,91.976041,[0:213.333;],playing,480x854,480x854,lD5Y5lu7p1I,817.281,Sea Dragon Stage 6 DNM (Force User POV) Conqueror S4 - YouTube
1531225452819,92.235163,[0:213.333;],playing,480x854,480x854,lD5Y5lu7p1I,817.281,Sea Dragon Stage 6 DNM (Force User POV) Conqueror S4 - YouTube
1531225453078,92.494731,[0:213.333;],playing,480x854,480x854,lD5Y5lu7p1I,817.281,Sea Dragon Stage 6 DNM (Force User POV) Conqueror S4 - YouTube
1531225453338,92.754093,[0:213.333;],playing,480x854,480x854,lD5Y5lu7p1I,817.281,Sea Dragon Stage 6 DNM (Force User POV) Conqueror S4 - YouTube
1531225453597,93.013419,[0:213.333;],playing,480x854,480x854,lD5Y5lu7p1I,817.281,Sea Dragon Stage 6 DNM (Force User POV) Conqueror S4 - YouTube
1531225453857,93.273796,[0:213.333;],playing,480x854,480x854,lD5Y5lu7p1I,817.281,Sea Dragon Stage 6 DNM (Force User POV) Conqueror S4 - YouTube
1531225454117,93.532483,[0:213.333;],playing,480x854,480x854,lD5Y5lu7p1I,817.281,Sea Dragon Stage 6 DNM (Force User POV) Conqueror S4 - YouTube
1531225454376,93.792576,[0:213.333;],playing,480x854,480x854,lD5Y5lu7p1I,817.281,Sea Dragon Stage 6 DNM (Force User POV) Conqueror S4 - YouTube
1531225454636,94.052637,[0:213.333;],playing,480x854,480x854,lD5Y5lu7p1I,817.281,Sea Dragon Stage 6 DNM (Force User POV) Conqueror S4 - YouTube
1531225454895,94.311432,[0:213.333;],playing,480x854,480x854,lD5Y5lu7p1I,817.281,Sea Dragon Stage 6 DNM (Force User POV) Conqueror S4 - YouTube
1531225455152,94.568853,[0:213.333;],playing,480x854,480x854,lD5Y5lu7p1I,817.281,Sea Dragon Stage 6 DNM (Force User POV) Conqueror S4 - YouTube
1531225455409,94.826358,[0:213.333;],playing,480x854,480x854,lD5Y5lu7p1I,817.281,Sea Dragon Stage 6 DNM (Force User POV) Conqueror S4 - YouTube
1531225455668,95.084796,[0:213.333;],playing,480x854,480x854,lD5Y5lu7p1I,817.281,Sea Dragon Stage 6 DNM (Force User POV) Conqueror S4 - YouTube
1531225455929,95.345149,[0:213.333;],playing,480x854,480x854,lD5Y5lu7p1I,817.281,Sea Dragon Stage 6 DNM (Force User POV) Conqueror S4 - YouTube
1531225456188,95.605008,[0:213.333;],playing,480x854,480x854,lD5Y5lu7p1I,817.281,Sea Dragon Stage 6 DNM (Force User POV) Conqueror S4 - YouTube
1531225456450,95.866443,[0:213.333;],playing,480x854,480x854,lD5Y5lu7p1I,817.281,Sea Dragon Stage 6 DNM (Force User POV) Conqueror S4 - YouTube
1531225456707,96.123981,[0:213.333;],playing,480x854,480x854,lD5Y5lu7p1I,817.281,Sea Dragon Stage 6 DNM (Force User POV) Conqueror S4 - YouTube
1531225456966,96.382394,[0:213.333;],playing,480x854,480x854,lD5Y5lu7p1I,817.281,Sea Dragon Stage 6 DNM (Force User POV) Conqueror S4 - YouTube
1531225457226,96.642104,[0:213.333;],playing,480x854,480x854,lD5Y5lu7p1I,817.281,Sea Dragon Stage 6 DNM (Force User POV) Conqueror S4 - YouTube
1531225457485,96.901884,[0:213.333;],playing,480x854,480x854,lD5Y5lu7p1I,817.281,Sea Dragon Stage 6 DNM (Force User POV) Conqueror S4 - YouTube
1531225457746,97.1631,[0:213.333;],playing,480x854,480x854,lD5Y5lu7p1I,817.281,Sea Dragon Stage 6 DNM (Force User POV) Conqueror S4 - YouTube
1531225458008,97.42441,[0:213.333;],playing,480x854,480x854,lD5Y5lu7p1I,817.281,Sea Dragon Stage 6 DNM (Force User POV) Conqueror S4 - YouTube
1531225458269,97.685918,[0:213.333;],playing,480x854,480x854,lD5Y5lu7p1I,817.281,Sea Dragon Stage 6 DNM (Force User POV) Conqueror S4 - YouTube
1531225458531,97.947153,[0:213.333;],playing,480x854,480x854,lD5Y5lu7p1I,817.281,Sea Dragon Stage 6 DNM (Force User POV) Conqueror S4 - YouTube
1531225458792,98.208149,[0:213.333;],playing,480x854,480x854,lD5Y5lu7p1I,817.281,Sea Dragon Stage 6 DNM (Force User POV) Conqueror S4 - YouTube
1531225459052,98.467936,[0:213.333;],playing,480x854,480x854,lD5Y5lu7p1I,817.281,Sea Dragon Stage 6 DNM (Force User POV) Conqueror S4 - YouTube
1531225459310,98.725774,[0:213.333;],playing,480x854,480x854,lD5Y5lu7p1I,817.281,Sea Dragon Stage 6 DNM (Force User POV) Conqueror S4 - YouTube
1531225459566,98.983043,[0:213.333;],playing,480x854,480x854,lD5Y5lu7p1I,817.281,Sea Dragon Stage 6 DNM (Force User POV) Conqueror S4 - YouTube
1531225459827,99.242729,[0:213.333;],playing,480x854,480x854,lD5Y5lu7p1I,817.281,Sea Dragon Stage 6 DNM (Force User POV) Conqueror S4 - YouTube
1531225460083,99.499089,[0:213.333;],playing,480x854,480x854,lD5Y5lu7p1I,817.281,Sea Dragon Stage 6 DNM (Force User POV) Conqueror S4 - YouTube
1531225460340,99.757015,[0:213.333;],playing,480x854,480x854,lD5Y5lu7p1I,817.281,Sea Dragon Stage 6 DNM (Force User POV) Conqueror S4 - YouTube
1531225460603,100.01949,[0:213.333;],playing,480x854,480x854,lD5Y5lu7p1I,817.281,Sea Dragon Stage 6 DNM (Force User POV) Conqueror S4 - YouTube
1531225460859,100.276312,[0:213.333;],playing,480x854,480x854,lD5Y5lu7p1I,817.281,Sea Dragon Stage 6 DNM (Force User POV) Conqueror S4 - YouTube
1531225461117,100.53296,[0:213.333;],playing,480x854,480x854,lD5Y5lu7p1I,817.281,Sea Dragon Stage 6 DNM (Force User POV) Conqueror S4 - YouTube
1531225461375,100.791693,[0:213.333;],playing,480x854,480x854,lD5Y5lu7p1I,817.281,Sea Dragon Stage 6 DNM (Force User POV) Conqueror S4 - YouTube
1531225461635,101.051104,[0:213.333;],playing,480x854,480x854,lD5Y5lu7p1I,817.281,Sea Dragon Stage 6 DNM (Force User POV) Conqueror S4 - YouTube
1531225461893,101.309363,[0:213.333;],playing,480x854,480x854,lD5Y5lu7p1I,817.281,Sea Dragon Stage 6 DNM (Force User POV) Conqueror S4 - YouTube
1531225462150,101.566228,[0:213.333;],playing,480x854,480x854,lD5Y5lu7p1I,817.281,Sea Dragon Stage 6 DNM (Force User POV) Conqueror S4 - YouTube
1531225462406,101.822133,[0:213.333;],playing,480x854,480x854,lD5Y5lu7p1I,817.281,Sea Dragon Stage 6 DNM (Force User POV) Conqueror S4 - YouTube
1531225462662,102.07797,[0:213.333;],playing,480x854,480x854,lD5Y5lu7p1I,817.281,Sea Dragon Stage 6 DNM (Force User POV) Conqueror S4 - YouTube
1531225462918,102.33454,[0:224;],playing,480x854,480x854,lD5Y5lu7p1I,817.281,Sea Dragon Stage 6 DNM (Force User POV) Conqueror S4 - YouTube
1531225463177,102.593457,[0:224;],playing,480x854,480x854,lD5Y5lu7p1I,817.281,Sea Dragon Stage 6 DNM (Force User POV) Conqueror S4 - YouTube
1531225463441,102.857165,[0:224;],playing,480x854,480x854,lD5Y5lu7p1I,817.281,Sea Dragon Stage 6 DNM (Force User POV) Conqueror S4 - YouTube
1531225463702,103.118232,[0:224;],playing,480x854,480x854,lD5Y5lu7p1I,817.281,Sea Dragon Stage 6 DNM (Force User POV) Conqueror S4 - YouTube
1531225463963,103.379148,[0:224;],playing,480x854,480x854,lD5Y5lu7p1I,817.281,Sea Dragon Stage 6 DNM (Force User POV) Conqueror S4 - YouTube
1531225464220,103.636598,[0:224;],playing,480x854,480x854,lD5Y5lu7p1I,817.281,Sea Dragon Stage 6 DNM (Force User POV) Conqueror S4 - YouTube
1531225464478,103.894952,[0:224;],playing,480x854,480x854,lD5Y5lu7p1I,817.281,Sea Dragon Stage 6 DNM (Force User POV) Conqueror S4 - YouTube
1531225464737,104.153732,[0:224;],playing,480x854,480x854,lD5Y5lu7p1I,817.281,Sea Dragon Stage 6 DNM (Force User POV) Conqueror S4 - YouTube
1531225464998,104.414438,[0:224;],playing,480x854,480x854,lD5Y5lu7p1I,817.281,Sea Dragon Stage 6 DNM (Force User POV) Conqueror S4 - YouTube
1531225465259,104.675216,[0:224;],playing,480x854,480x854,lD5Y5lu7p1I,817.281,Sea Dragon Stage 6 DNM (Force User POV) Conqueror S4 - YouTube
1531225465519,104.935144,[0:229.333;],playing,480x854,480x854,lD5Y5lu7p1I,817.281,Sea Dragon Stage 6 DNM (Force User POV) Conqueror S4 - YouTube
1531225465779,105.19465,[0:229.333;],playing,480x854,480x854,lD5Y5lu7p1I,817.281,Sea Dragon Stage 6 DNM (Force User POV) Conqueror S4 - YouTube
1531225466038,105.454081,[0:229.333;],playing,480x854,480x854,lD5Y5lu7p1I,817.281,Sea Dragon Stage 6 DNM (Force User POV) Conqueror S4 - YouTube
1531225466313,105.729456,[0:229.333;],playing,480x854,480x854,lD5Y5lu7p1I,817.281,Sea Dragon Stage 6 DNM (Force User POV) Conqueror S4 - YouTube
1531225466577,105.99324,[0:229.333;],playing,480x854,480x854,lD5Y5lu7p1I,817.281,Sea Dragon Stage 6 DNM (Force User POV) Conqueror S4 - YouTube
1531225466833,106.250223,[0:229.333;],playing,480x854,480x854,lD5Y5lu7p1I,817.281,Sea Dragon Stage 6 DNM (Force User POV) Conqueror S4 - YouTube
1531225467091,106.507672,[0:229.333;],playing,480x854,480x854,lD5Y5lu7p1I,817.281,Sea Dragon Stage 6 DNM (Force User POV) Conqueror S4 - YouTube
1531225467348,106.76417,[0:229.333;],playing,480x854,480x854,lD5Y5lu7p1I,817.281,Sea Dragon Stage 6 DNM (Force User POV) Conqueror S4 - YouTube
1531225467605,107.021615,[0:229.333;],playing,480x854,480x854,lD5Y5lu7p1I,817.281,Sea Dragon Stage 6 DNM (Force User POV) Conqueror S4 - YouTube
1531225467864,107.280098,[0:229.333;],playing,480x854,480x854,lD5Y5lu7p1I,817.281,Sea Dragon Stage 6 DNM (Force User POV) Conqueror S4 - YouTube
1531225468121,107.537209,[0:229.333;],playing,480x854,480x854,lD5Y5lu7p1I,817.281,Sea Dragon Stage 6 DNM (Force User POV) Conqueror S4 - YouTube
1531225468380,107.79643,[0:229.333;],playing,480x854,480x854,lD5Y5lu7p1I,817.281,Sea Dragon Stage 6 DNM (Force User POV) Conqueror S4 - YouTube
1531225468636,108.052395,[0:229.333;],playing,480x854,480x854,lD5Y5lu7p1I,817.281,Sea Dragon Stage 6 DNM (Force User POV) Conqueror S4 - YouTube
1531225468896,108.312683,[0:229.333;],playing,480x854,480x854,lD5Y5lu7p1I,817.281,Sea Dragon Stage 6 DNM (Force User POV) Conqueror S4 - YouTube
1531225469157,108.572531,[0:229.333;],playing,480x854,480x854,lD5Y5lu7p1I,817.281,Sea Dragon Stage 6 DNM (Force User POV) Conqueror S4 - YouTube
1531225469415,108.831505,[0:229.333;],playing,480x854,480x854,lD5Y5lu7p1I,817.281,Sea Dragon Stage 6 DNM (Force User POV) Conqueror S4 - YouTube
1531225469675,109.091533,[0:229.333;],playing,480x854,480x854,lD5Y5lu7p1I,817.281,Sea Dragon Stage 6 DNM (Force User POV) Conqueror S4 - YouTube
1531225469934,109.350993,[0:229.333;],playing,480x854,480x854,lD5Y5lu7p1I,817.281,Sea Dragon Stage 6 DNM (Force User POV) Conqueror S4 - YouTube
1531225470196,109.611778,[0:230.001;],playing,480x854,480x854,lD5Y5lu7p1I,817.281,Sea Dragon Stage 6 DNM (Force User POV) Conqueror S4 - YouTube
1531225470455,109.871052,[0:230.001;],playing,480x854,480x854,lD5Y5lu7p1I,817.281,Sea Dragon Stage 6 DNM (Force User POV) Conqueror S4 - YouTube
1531225470715,110.130785,[0:230.001;],playing,480x854,480x854,lD5Y5lu7p1I,817.281,Sea Dragon Stage 6 DNM (Force User POV) Conqueror S4 - YouTube
1531225470975,110.392153,[0:230.001;],playing,480x854,480x854,lD5Y5lu7p1I,817.281,Sea Dragon Stage 6 DNM (Force User POV) Conqueror S4 - YouTube
1531225471235,110.652113,[0:230.001;],playing,480x854,480x854,lD5Y5lu7p1I,817.281,Sea Dragon Stage 6 DNM (Force User POV) Conqueror S4 - YouTube
1531225471493,110.909204,[0:234.666;],playing,480x854,480x854,lD5Y5lu7p1I,817.281,Sea Dragon Stage 6 DNM (Force User POV) Conqueror S4 - YouTube
1531225471751,111.166831,[0:234.666;],playing,480x854,480x854,lD5Y5lu7p1I,817.281,Sea Dragon Stage 6 DNM (Force User POV) Conqueror S4 - YouTube
1531225472010,111.426108,[0:234.666;],playing,480x854,480x854,lD5Y5lu7p1I,817.281,Sea Dragon Stage 6 DNM (Force User POV) Conqueror S4 - YouTube
1531225472267,111.684236,[0:234.666;],playing,480x854,480x854,lD5Y5lu7p1I,817.281,Sea Dragon Stage 6 DNM (Force User POV) Conqueror S4 - YouTube
1531225472525,111.941523,[0:234.666;],playing,480x854,480x854,lD5Y5lu7p1I,817.281,Sea Dragon Stage 6 DNM (Force User POV) Conqueror S4 - YouTube
1531225472783,112.199747,[0:234.666;],playing,480x854,480x854,lD5Y5lu7p1I,817.281,Sea Dragon Stage 6 DNM (Force User POV) Conqueror S4 - YouTube
1531225473044,112.460024,[0:234.666;],playing,480x854,480x854,lD5Y5lu7p1I,817.281,Sea Dragon Stage 6 DNM (Force User POV) Conqueror S4 - YouTube
1531225473304,112.72001,[0:234.666;],playing,480x854,480x854,lD5Y5lu7p1I,817.281,Sea Dragon Stage 6 DNM (Force User POV) Conqueror S4 - YouTube
1531225473563,112.979359,[0:234.666;],playing,480x854,480x854,lD5Y5lu7p1I,817.281,Sea Dragon Stage 6 DNM (Force User POV) Conqueror S4 - YouTube
1531225473823,113.23946,[0:234.666;],playing,480x854,480x854,lD5Y5lu7p1I,817.281,Sea Dragon Stage 6 DNM (Force User POV) Conqueror S4 - YouTube
1531225474084,113.499705,[0:234.666;],playing,480x854,480x854,lD5Y5lu7p1I,817.281,Sea Dragon Stage 6 DNM (Force User POV) Conqueror S4 - YouTube
1531225474345,113.76137,[0:234.666;],playing,480x854,480x854,lD5Y5lu7p1I,817.281,Sea Dragon Stage 6 DNM (Force User POV) Conqueror S4 - YouTube
1531225474607,114.024024,[0:234.666;],playing,480x854,480x854,lD5Y5lu7p1I,817.281,Sea Dragon Stage 6 DNM (Force User POV) Conqueror S4 - YouTube
1531225474868,114.284546,[0:234.666;],playing,480x854,480x854,lD5Y5lu7p1I,817.281,Sea Dragon Stage 6 DNM (Force User POV) Conqueror S4 - YouTube
1531225475128,114.544072,[0:234.666;],playing,480x854,480x854,lD5Y5lu7p1I,817.281,Sea Dragon Stage 6 DNM (Force User POV) Conqueror S4 - YouTube
1531225475384,114.800348,[0:234.666;],playing,480x854,480x854,lD5Y5lu7p1I,817.281,Sea Dragon Stage 6 DNM (Force User POV) Conqueror S4 - YouTube
1531225475642,115.05852,[0:234.666;],playing,480x854,480x854,lD5Y5lu7p1I,817.281,Sea Dragon Stage 6 DNM (Force User POV) Conqueror S4 - YouTube
1531225475900,115.315905,[0:234.666;],playing,480x854,480x854,lD5Y5lu7p1I,817.281,Sea Dragon Stage 6 DNM (Force User POV) Conqueror S4 - YouTube
1531225476158,115.57373,[0:234.666;],playing,480x854,480x854,lD5Y5lu7p1I,817.281,Sea Dragon Stage 6 DNM (Force User POV) Conqueror S4 - YouTube
1531225476414,115.830139,[0:234.666;],playing,480x854,480x854,lD5Y5lu7p1I,817.281,Sea Dragon Stage 6 DNM (Force User POV) Conqueror S4 - YouTube
1531225476670,116.08623,[0:234.666;],playing,480x854,480x854,lD5Y5lu7p1I,817.281,Sea Dragon Stage 6 DNM (Force User POV) Conqueror S4 - YouTube
1531225476927,116.343872,[0:240;],playing,480x854,480x854,lD5Y5lu7p1I,817.281,Sea Dragon Stage 6 DNM (Force User POV) Conqueror S4 - YouTube
1531225477186,116.602707,[0:240;],playing,480x854,480x854,lD5Y5lu7p1I,817.281,Sea Dragon Stage 6 DNM (Force User POV) Conqueror S4 - YouTube
1531225477447,116.863522,[0:240;],playing,480x854,480x854,lD5Y5lu7p1I,817.281,Sea Dragon Stage 6 DNM (Force User POV) Conqueror S4 - YouTube
1531225477708,117.124241,[0:240;],playing,480x854,480x854,lD5Y5lu7p1I,817.281,Sea Dragon Stage 6 DNM (Force User POV) Conqueror S4 - YouTube
1531225477968,117.384913,[0:240;],playing,480x854,480x854,lD5Y5lu7p1I,817.281,Sea Dragon Stage 6 DNM (Force User POV) Conqueror S4 - YouTube
1531225478224,117.641071,[0:240;],playing,480x854,480x854,lD5Y5lu7p1I,817.281,Sea Dragon Stage 6 DNM (Force User POV) Conqueror S4 - YouTube
1531225478481,117.897983,[0:240;],playing,480x854,480x854,lD5Y5lu7p1I,817.281,Sea Dragon Stage 6 DNM (Force User POV) Conqueror S4 - YouTube
1531225478742,118.158032,[0:240;],playing,480x854,480x854,lD5Y5lu7p1I,817.281,Sea Dragon Stage 6 DNM (Force User POV) Conqueror S4 - YouTube
1531225479001,118.417266,[0:240;],playing,480x854,480x854,lD5Y5lu7p1I,817.281,Sea Dragon Stage 6 DNM (Force User POV) Conqueror S4 - YouTube
1531225479260,118.676724,[0:240;],playing,480x854,480x854,lD5Y5lu7p1I,817.281,Sea Dragon Stage 6 DNM (Force User POV) Conqueror S4 - YouTube
1531225479519,118.93645,[0:240;],playing,480x854,480x854,lD5Y5lu7p1I,817.281,Sea Dragon Stage 6 DNM (Force User POV) Conqueror S4 - YouTube
1531225479781,119.197474,[0:240;],playing,480x854,480x854,lD5Y5lu7p1I,817.281,Sea Dragon Stage 6 DNM (Force User POV) Conqueror S4 - YouTube
1531225480041,119.457818,[0:240;],playing,480x854,480x854,lD5Y5lu7p1I,817.281,Sea Dragon Stage 6 DNM (Force User POV) Conqueror S4 - YouTube
1531225480301,119.717492,[0:240;],playing,480x854,480x854,lD5Y5lu7p1I,817.281,Sea Dragon Stage 6 DNM (Force User POV) Conqueror S4 - YouTube
1531225480560,119.976903,[0:240;],playing,480x854,480x854,lD5Y5lu7p1I,817.281,Sea Dragon Stage 6 DNM (Force User POV) Conqueror S4 - YouTube
1531225480819,120.236317,[0:240;],playing,480x854,480x854,lD5Y5lu7p1I,817.281,Sea Dragon Stage 6 DNM (Force User POV) Conqueror S4 - YouTube
1531225481078,120.495068,[0:245.333;],playing,480x854,480x854,lD5Y5lu7p1I,817.281,Sea Dragon Stage 6 DNM (Force User POV) Conqueror S4 - YouTube
1531225481336,120.752828,[0:245.333;],playing,480x854,480x854,lD5Y5lu7p1I,817.281,Sea Dragon Stage 6 DNM (Force User POV) Conqueror S4 - YouTube
1531225481595,121.01097,[0:245.333;],playing,480x854,480x854,lD5Y5lu7p1I,817.281,Sea Dragon Stage 6 DNM (Force User POV) Conqueror S4 - YouTube
1531225481852,121.268316,[0:245.333;],playing,480x854,480x854,lD5Y5lu7p1I,817.281,Sea Dragon Stage 6 DNM (Force User POV) Conqueror S4 - YouTube
1531225482112,121.528947,[0:245.333;],playing,480x854,480x854,lD5Y5lu7p1I,817.281,Sea Dragon Stage 6 DNM (Force User POV) Conqueror S4 - YouTube
1531225482375,121.791905,[0:245.333;],playing,480x854,480x854,lD5Y5lu7p1I,817.281,Sea Dragon Stage 6 DNM (Force User POV) Conqueror S4 - YouTube
1531225482637,122.053982,[0:245.333;],playing,480x854,480x854,lD5Y5lu7p1I,817.281,Sea Dragon Stage 6 DNM (Force User POV) Conqueror S4 - YouTube
1531225482898,122.314897,[0:245.333;],playing,480x854,480x854,lD5Y5lu7p1I,817.281,Sea Dragon Stage 6 DNM (Force User POV) Conqueror S4 - YouTube
1531225483157,122.574323,[0:245.333;],playing,480x854,480x854,lD5Y5lu7p1I,817.281,Sea Dragon Stage 6 DNM (Force User POV) Conqueror S4 - YouTube
1531225483417,122.833131,[0:245.333;],playing,480x854,480x854,lD5Y5lu7p1I,817.281,Sea Dragon Stage 6 DNM (Force User POV) Conqueror S4 - YouTube
1531225483677,123.093489,[0:245.333;],playing,480x854,480x854,lD5Y5lu7p1I,817.281,Sea Dragon Stage 6 DNM (Force User POV) Conqueror S4 - YouTube
1531225483937,123.353689,[0:245.333;],playing,480x854,480x854,lD5Y5lu7p1I,817.281,Sea Dragon Stage 6 DNM (Force User POV) Conqueror S4 - YouTube
1531225484196,123.612569,[0:245.333;],playing,480x854,480x854,lD5Y5lu7p1I,817.281,Sea Dragon Stage 6 DNM (Force User POV) Conqueror S4 - YouTube
1531225484457,123.87308,[0:245.333;],playing,480x854,480x854,lD5Y5lu7p1I,817.281,Sea Dragon Stage 6 DNM (Force User POV) Conqueror S4 - YouTube
1531225484716,124.13218,[0:245.333;],playing,480x854,480x854,lD5Y5lu7p1I,817.281,Sea Dragon Stage 6 DNM (Force User POV) Conqueror S4 - YouTube
1531225484975,124.392129,[0:245.333;],playing,480x854,480x854,lD5Y5lu7p1I,817.281,Sea Dragon Stage 6 DNM (Force User POV) Conqueror S4 - YouTube
1531225485235,124.652342,[0:245.333;],playing,480x854,480x854,lD5Y5lu7p1I,817.281,Sea Dragon Stage 6 DNM (Force User POV) Conqueror S4 - YouTube
1531225485495,124.911129,[0:245.333;],playing,480x854,480x854,lD5Y5lu7p1I,817.281,Sea Dragon Stage 6 DNM (Force User POV) Conqueror S4 - YouTube
1531225485754,125.169877,[0:245.333;],playing,480x854,480x854,lD5Y5lu7p1I,817.281,Sea Dragon Stage 6 DNM (Force User POV) Conqueror S4 - YouTube
1531225486014,125.430505,[0:245.333;],playing,480x854,480x854,lD5Y5lu7p1I,817.281,Sea Dragon Stage 6 DNM (Force User POV) Conqueror S4 - YouTube
1531225486274,125.691485,[0:245.333;],playing,480x854,480x854,lD5Y5lu7p1I,817.281,Sea Dragon Stage 6 DNM (Force User POV) Conqueror S4 - YouTube
1531225486534,125.951574,[0:245.333;],playing,480x854,480x854,lD5Y5lu7p1I,817.281,Sea Dragon Stage 6 DNM (Force User POV) Conqueror S4 - YouTube
1531225486795,126.211629,[0:250.001;],playing,480x854,480x854,lD5Y5lu7p1I,817.281,Sea Dragon Stage 6 DNM (Force User POV) Conqueror S4 - YouTube
1531225487055,126.471662,[0:250.001;],playing,480x854,480x854,lD5Y5lu7p1I,817.281,Sea Dragon Stage 6 DNM (Force User POV) Conqueror S4 - YouTube
1531225487315,126.731875,[0:250.001;],playing,480x854,480x854,lD5Y5lu7p1I,817.281,Sea Dragon Stage 6 DNM (Force User POV) Conqueror S4 - YouTube
1531225487575,126.991867,[0:250.001;],playing,480x854,480x854,lD5Y5lu7p1I,817.281,Sea Dragon Stage 6 DNM (Force User POV) Conqueror S4 - YouTube
1531225487836,127.253156,[0:250.001;],playing,480x854,480x854,lD5Y5lu7p1I,817.281,Sea Dragon Stage 6 DNM (Force User POV) Conqueror S4 - YouTube
1531225488098,127.515047,[0:250.001;],playing,480x854,480x854,lD5Y5lu7p1I,817.281,Sea Dragon Stage 6 DNM (Force User POV) Conqueror S4 - YouTube
1531225488359,127.776278,[0:250.001;],playing,480x854,480x854,lD5Y5lu7p1I,817.281,Sea Dragon Stage 6 DNM (Force User POV) Conqueror S4 - YouTube
1531225488618,128.034203,[0:250.001;],playing,480x854,480x854,lD5Y5lu7p1I,817.281,Sea Dragon Stage 6 DNM (Force User POV) Conqueror S4 - YouTube
1531225488875,128.291648,[0:250.001;],playing,480x854,480x854,lD5Y5lu7p1I,817.281,Sea Dragon Stage 6 DNM (Force User POV) Conqueror S4 - YouTube
1531225489133,128.550186,[0:250.001;],playing,480x854,480x854,lD5Y5lu7p1I,817.281,Sea Dragon Stage 6 DNM (Force User POV) Conqueror S4 - YouTube
1531225489392,128.809122,[0:250.001;],playing,480x854,480x854,lD5Y5lu7p1I,817.281,Sea Dragon Stage 6 DNM (Force User POV) Conqueror S4 - YouTube
1531225489652,129.068963,[0:250.001;],playing,480x854,480x854,lD5Y5lu7p1I,817.281,Sea Dragon Stage 6 DNM (Force User POV) Conqueror S4 - YouTube
1531225489913,129.330477,[0:250.001;],playing,480x854,480x854,lD5Y5lu7p1I,817.281,Sea Dragon Stage 6 DNM (Force User POV) Conqueror S4 - YouTube
1531225490176,129.592127,[0:250.001;],playing,480x854,480x854,lD5Y5lu7p1I,817.281,Sea Dragon Stage 6 DNM (Force User POV) Conqueror S4 - YouTube
1531225490436,129.852412,[0:250.001;],playing,480x854,480x854,lD5Y5lu7p1I,817.281,Sea Dragon Stage 6 DNM (Force User POV) Conqueror S4 - YouTube
1531225490695,130.11263,[0:250.001;],playing,480x854,480x854,lD5Y5lu7p1I,817.281,Sea Dragon Stage 6 DNM (Force User POV) Conqueror S4 - YouTube
1531225490956,130.372922,[0:250.001;],playing,480x854,480x854,lD5Y5lu7p1I,817.281,Sea Dragon Stage 6 DNM (Force User POV) Conqueror S4 - YouTube
1531225491217,130.633191,[0:250.666;],playing,480x854,480x854,lD5Y5lu7p1I,817.281,Sea Dragon Stage 6 DNM (Force User POV) Conqueror S4 - YouTube
1531225491478,130.894406,[0:250.666;],playing,480x854,480x854,lD5Y5lu7p1I,817.281,Sea Dragon Stage 6 DNM (Force User POV) Conqueror S4 - YouTube
1531225491739,131.155913,[0:250.666;],playing,480x854,480x854,lD5Y5lu7p1I,817.281,Sea Dragon Stage 6 DNM (Force User POV) Conqueror S4 - YouTube
1531225491998,131.415109,[0:250.666;],playing,480x854,480x854,lD5Y5lu7p1I,817.281,Sea Dragon Stage 6 DNM (Force User POV) Conqueror S4 - YouTube
1531225492258,131.674363,[0:254.7;],playing,480x854,480x854,lD5Y5lu7p1I,817.281,Sea Dragon Stage 6 DNM (Force User POV) Conqueror S4 - YouTube
1531225492514,131.930508,[0:256;],playing,480x854,480x854,lD5Y5lu7p1I,817.281,Sea Dragon Stage 6 DNM (Force User POV) Conqueror S4 - YouTube
1531225492774,132.190158,[0:256;],playing,480x854,480x854,lD5Y5lu7p1I,817.281,Sea Dragon Stage 6 DNM (Force User POV) Conqueror S4 - YouTube
1531225493032,132.449032,[0:256;],playing,480x854,480x854,lD5Y5lu7p1I,817.281,Sea Dragon Stage 6 DNM (Force User POV) Conqueror S4 - YouTube
1531225493288,132.705304,[0:256;],playing,480x854,480x854,lD5Y5lu7p1I,817.281,Sea Dragon Stage 6 DNM (Force User POV) Conqueror S4 - YouTube
1531225493546,132.963003,[0:256;],playing,480x854,480x854,lD5Y5lu7p1I,817.281,Sea Dragon Stage 6 DNM (Force User POV) Conqueror S4 - YouTube
1531225493806,133.222661,[0:256;],playing,480x854,480x854,lD5Y5lu7p1I,817.281,Sea Dragon Stage 6 DNM (Force User POV) Conqueror S4 - YouTube
1531225494062,133.479215,[0:256;],playing,480x854,480x854,lD5Y5lu7p1I,817.281,Sea Dragon Stage 6 DNM (Force User POV) Conqueror S4 - YouTube
1531225494320,133.736563,[0:256;],playing,480x854,480x854,lD5Y5lu7p1I,817.281,Sea Dragon Stage 6 DNM (Force User POV) Conqueror S4 - YouTube
1531225494580,133.997273,[0:256;],playing,480x854,480x854,lD5Y5lu7p1I,817.281,Sea Dragon Stage 6 DNM (Force User POV) Conqueror S4 - YouTube
1531225494842,134.258414,[0:256;],playing,480x854,480x854,lD5Y5lu7p1I,817.281,Sea Dragon Stage 6 DNM (Force User POV) Conqueror S4 - YouTube
1531225495102,134.518498,[0:256;],playing,480x854,480x854,lD5Y5lu7p1I,817.281,Sea Dragon Stage 6 DNM (Force User POV) Conqueror S4 - YouTube
1531225495392,134.809033,[0:256;],playing,480x854,480x854,lD5Y5lu7p1I,817.281,Sea Dragon Stage 6 DNM (Force User POV) Conqueror S4 - YouTube
1531225495651,135.068296,[0:256;],playing,480x854,480x854,lD5Y5lu7p1I,817.281,Sea Dragon Stage 6 DNM (Force User POV) Conqueror S4 - YouTube
1531225495912,135.328131,[0:256;],playing,480x854,480x854,lD5Y5lu7p1I,817.281,Sea Dragon Stage 6 DNM (Force User POV) Conqueror S4 - YouTube
1531225496172,135.588534,[0:256;],playing,480x854,480x854,lD5Y5lu7p1I,817.281,Sea Dragon Stage 6 DNM (Force User POV) Conqueror S4 - YouTube
1531225496432,135.848557,[0:256;],playing,480x854,480x854,lD5Y5lu7p1I,817.281,Sea Dragon Stage 6 DNM (Force User POV) Conqueror S4 - YouTube
1531225496696,136.113127,[0:256;],playing,480x854,480x854,lD5Y5lu7p1I,817.281,Sea Dragon Stage 6 DNM (Force User POV) Conqueror S4 - YouTube
1531225496955,136.370827,[0:256;],playing,480x854,480x854,lD5Y5lu7p1I,817.281,Sea Dragon Stage 6 DNM (Force User POV) Conqueror S4 - YouTube
1531225497210,136.626627,[0:256;],playing,480x854,480x854,lD5Y5lu7p1I,817.281,Sea Dragon Stage 6 DNM (Force User POV) Conqueror S4 - YouTube
1531225497466,136.882875,[0:256;],playing,480x854,480x854,lD5Y5lu7p1I,817.281,Sea Dragon Stage 6 DNM (Force User POV) Conqueror S4 - YouTube
1531225497724,137.140748,[0:260.001;],playing,480x854,480x854,lD5Y5lu7p1I,817.281,Sea Dragon Stage 6 DNM (Force User POV) Conqueror S4 - YouTube
1531225497982,137.398715,[0:260.001;],playing,480x854,480x854,lD5Y5lu7p1I,817.281,Sea Dragon Stage 6 DNM (Force User POV) Conqueror S4 - YouTube
1531225498241,137.657843,[0:260.001;],playing,480x854,480x854,lD5Y5lu7p1I,817.281,Sea Dragon Stage 6 DNM (Force User POV) Conqueror S4 - YouTube
1531225498500,137.916408,[0:260.001;],playing,480x854,480x854,lD5Y5lu7p1I,817.281,Sea Dragon Stage 6 DNM (Force User POV) Conqueror S4 - YouTube
1531225498759,138.175517,[0:260.001;],playing,480x854,480x854,lD5Y5lu7p1I,817.281,Sea Dragon Stage 6 DNM (Force User POV) Conqueror S4 - YouTube
1531225499016,138.432703,[0:260.001;],playing,480x854,480x854,lD5Y5lu7p1I,817.281,Sea Dragon Stage 6 DNM (Force User POV) Conqueror S4 - YouTube
1531225499274,138.690393,[0:260.001;],playing,480x854,480x854,lD5Y5lu7p1I,817.281,Sea Dragon Stage 6 DNM (Force User POV) Conqueror S4 - YouTube
1531225499530,138.946565,[0:260.001;],playing,480x854,480x854,lD5Y5lu7p1I,817.281,Sea Dragon Stage 6 DNM (Force User POV) Conqueror S4 - YouTube
1531225499788,139.204045,[0:260.001;],playing,480x854,480x854,lD5Y5lu7p1I,817.281,Sea Dragon Stage 6 DNM (Force User POV) Conqueror S4 - YouTube
1531225500044,139.46087,[0:260.001;],playing,480x854,480x854,lD5Y5lu7p1I,817.281,Sea Dragon Stage 6 DNM (Force User POV) Conqueror S4 - YouTube
1531225500303,139.719352,[0:260.001;],playing,480x854,480x854,lD5Y5lu7p1I,817.281,Sea Dragon Stage 6 DNM (Force User POV) Conqueror S4 - YouTube
1531225500563,139.979276,[0:260.001;],playing,480x854,480x854,lD5Y5lu7p1I,817.281,Sea Dragon Stage 6 DNM (Force User POV) Conqueror S4 - YouTube
1531225500824,140.240802,[0:260.001;],playing,480x854,480x854,lD5Y5lu7p1I,817.281,Sea Dragon Stage 6 DNM (Force User POV) Conqueror S4 - YouTube
1531225501085,140.502218,[0:260.001;],playing,480x854,480x854,lD5Y5lu7p1I,817.281,Sea Dragon Stage 6 DNM (Force User POV) Conqueror S4 - YouTube
1531225501346,140.762804,[0:260.001;],playing,480x854,480x854,lD5Y5lu7p1I,817.281,Sea Dragon Stage 6 DNM (Force User POV) Conqueror S4 - YouTube
1531225501609,141.025516,[0:260.001;],playing,480x854,480x854,lD5Y5lu7p1I,817.281,Sea Dragon Stage 6 DNM (Force User POV) Conqueror S4 - YouTube
1531225501868,141.28479,[0:261.333;],playing,480x854,480x854,lD5Y5lu7p1I,817.281,Sea Dragon Stage 6 DNM (Force User POV) Conqueror S4 - YouTube
1531225502126,141.542662,[0:261.333;],playing,480x854,480x854,lD5Y5lu7p1I,817.281,Sea Dragon Stage 6 DNM (Force User POV) Conqueror S4 - YouTube
1531225502384,141.800751,[0:261.333;],playing,480x854,480x854,lD5Y5lu7p1I,817.281,Sea Dragon Stage 6 DNM (Force User POV) Conqueror S4 - YouTube
1531225502643,142.059729,[0:261.333;],playing,480x854,480x854,lD5Y5lu7p1I,817.281,Sea Dragon Stage 6 DNM (Force User POV) Conqueror S4 - YouTube
1531225502902,142.319232,[0:266.666;],playing,480x854,480x854,lD5Y5lu7p1I,817.281,Sea Dragon Stage 6 DNM (Force User POV) Conqueror S4 - YouTube
1531225503162,142.579151,[0:266.666;],playing,480x854,480x854,lD5Y5lu7p1I,817.281,Sea Dragon Stage 6 DNM (Force User POV) Conqueror S4 - YouTube
1531225503424,142.840517,[0:266.666;],playing,480x854,480x854,lD5Y5lu7p1I,817.281,Sea Dragon Stage 6 DNM (Force User POV) Conqueror S4 - YouTube
1531225503684,143.100717,[0:266.666;],playing,480x854,480x854,lD5Y5lu7p1I,817.281,Sea Dragon Stage 6 DNM (Force User POV) Conqueror S4 - YouTube
1531225503944,143.360686,[0:266.666;],playing,480x854,480x854,lD5Y5lu7p1I,817.281,Sea Dragon Stage 6 DNM (Force User POV) Conqueror S4 - YouTube
1531225504203,143.620321,[0:266.666;],playing,480x854,480x854,lD5Y5lu7p1I,817.281,Sea Dragon Stage 6 DNM (Force User POV) Conqueror S4 - YouTube
1531225504462,143.878663,[0:266.666;],playing,480x854,480x854,lD5Y5lu7p1I,817.281,Sea Dragon Stage 6 DNM (Force User POV) Conqueror S4 - YouTube
1531225504719,144.136131,[0:266.666;],playing,480x854,480x854,lD5Y5lu7p1I,817.281,Sea Dragon Stage 6 DNM (Force User POV) Conqueror S4 - YouTube
1531225504977,144.39361,[0:266.666;],playing,480x854,480x854,lD5Y5lu7p1I,817.281,Sea Dragon Stage 6 DNM (Force User POV) Conqueror S4 - YouTube
1531225505234,144.65093,[0:266.666;],playing,480x854,480x854,lD5Y5lu7p1I,817.281,Sea Dragon Stage 6 DNM (Force User POV) Conqueror S4 - YouTube
1531225505492,144.908442,[0:266.666;],playing,480x854,480x854,lD5Y5lu7p1I,817.281,Sea Dragon Stage 6 DNM (Force User POV) Conqueror S4 - YouTube
1531225505749,145.166283,[0:266.666;],playing,480x854,480x854,lD5Y5lu7p1I,817.281,Sea Dragon Stage 6 DNM (Force User POV) Conqueror S4 - YouTube
1531225506007,145.423776,[0:266.666;],playing,480x854,480x854,lD5Y5lu7p1I,817.281,Sea Dragon Stage 6 DNM (Force User POV) Conqueror S4 - YouTube
1531225506264,145.68128,[0:266.666;],playing,480x854,480x854,lD5Y5lu7p1I,817.281,Sea Dragon Stage 6 DNM (Force User POV) Conqueror S4 - YouTube
1531225506522,145.938194,[0:266.666;],playing,480x854,480x854,lD5Y5lu7p1I,817.281,Sea Dragon Stage 6 DNM (Force User POV) Conqueror S4 - YouTube
1531225506780,146.19684,[0:266.666;],playing,480x854,480x854,lD5Y5lu7p1I,817.281,Sea Dragon Stage 6 DNM (Force User POV) Conqueror S4 - YouTube
1531225507039,146.45572,[0:266.666;],playing,480x854,480x854,lD5Y5lu7p1I,817.281,Sea Dragon Stage 6 DNM (Force User POV) Conqueror S4 - YouTube
1531225507297,146.714407,[0:266.666;],playing,480x854,480x854,lD5Y5lu7p1I,817.281,Sea Dragon Stage 6 DNM (Force User POV) Conqueror S4 - YouTube
1531225507558,146.974367,[0:270.001;],playing,480x854,480x854,lD5Y5lu7p1I,817.281,Sea Dragon Stage 6 DNM (Force User POV) Conqueror S4 - YouTube
1531225507816,147.233106,[0:270.001;],playing,480x854,480x854,lD5Y5lu7p1I,817.281,Sea Dragon Stage 6 DNM (Force User POV) Conqueror S4 - YouTube
1531225508076,147.493045,[0:270.001;],playing,480x854,480x854,lD5Y5lu7p1I,817.281,Sea Dragon Stage 6 DNM (Force User POV) Conqueror S4 - YouTube
1531225508335,147.751814,[0:270.001;],playing,480x854,480x854,lD5Y5lu7p1I,817.281,Sea Dragon Stage 6 DNM (Force User POV) Conqueror S4 - YouTube
1531225508595,148.011855,[0:270.001;],playing,480x854,480x854,lD5Y5lu7p1I,817.281,Sea Dragon Stage 6 DNM (Force User POV) Conqueror S4 - YouTube
1531225508855,148.272083,[0:270.001;],playing,480x854,480x854,lD5Y5lu7p1I,817.281,Sea Dragon Stage 6 DNM (Force User POV) Conqueror S4 - YouTube
1531225509115,148.531299,[0:270.001;],playing,480x854,480x854,lD5Y5lu7p1I,817.281,Sea Dragon Stage 6 DNM (Force User POV) Conqueror S4 - YouTube
1531225509376,148.792619,[0:270.001;],playing,480x854,480x854,lD5Y5lu7p1I,817.281,Sea Dragon Stage 6 DNM (Force User POV) Conqueror S4 - YouTube
1531225509636,149.052736,[0:270.001;],playing,480x854,480x854,lD5Y5lu7p1I,817.281,Sea Dragon Stage 6 DNM (Force User POV) Conqueror S4 - YouTube
1531225509895,149.312042,[0:270.001;],playing,480x854,480x854,lD5Y5lu7p1I,817.281,Sea Dragon Stage 6 DNM (Force User POV) Conqueror S4 - YouTube
1531225510155,149.57222,[0:270.001;],playing,480x854,480x854,lD5Y5lu7p1I,817.281,Sea Dragon Stage 6 DNM (Force User POV) Conqueror S4 - YouTube
1531225510414,149.830991,[0:270.001;],playing,480x854,480x854,lD5Y5lu7p1I,817.281,Sea Dragon Stage 6 DNM (Force User POV) Conqueror S4 - YouTube
1531225510674,150.090524,[0:270.001;],playing,480x854,480x854,lD5Y5lu7p1I,817.281,Sea Dragon Stage 6 DNM (Force User POV) Conqueror S4 - YouTube
1531225510934,150.350223,[0:270.001;],playing,480x854,480x854,lD5Y5lu7p1I,817.281,Sea Dragon Stage 6 DNM (Force User POV) Conqueror S4 - YouTube
1531225511193,150.610242,[0:270.001;],playing,480x854,480x854,lD5Y5lu7p1I,817.281,Sea Dragon Stage 6 DNM (Force User POV) Conqueror S4 - YouTube
1531225511450,150.866865,[0:270.001;],playing,480x854,480x854,lD5Y5lu7p1I,817.281,Sea Dragon Stage 6 DNM (Force User POV) Conqueror S4 - YouTube
1531225511710,151.126313,[0:272;],playing,480x854,480x854,lD5Y5lu7p1I,817.281,Sea Dragon Stage 6 DNM (Force User POV) Conqueror S4 - YouTube
1531225511969,151.385058,[0:272;],playing,480x854,480x854,lD5Y5lu7p1I,817.281,Sea Dragon Stage 6 DNM (Force User POV) Conqueror S4 - YouTube
1531225512226,151.643499,[0:272;],playing,480x854,480x854,lD5Y5lu7p1I,817.281,Sea Dragon Stage 6 DNM (Force User POV) Conqueror S4 - YouTube
1531225512488,151.903911,[0:272;],playing,480x854,480x854,lD5Y5lu7p1I,817.281,Sea Dragon Stage 6 DNM (Force User POV) Conqueror S4 - YouTube
1531225512747,152.163327,[0:272;],playing,480x854,480x854,lD5Y5lu7p1I,817.281,Sea Dragon Stage 6 DNM (Force User POV) Conqueror S4 - YouTube
1531225513006,152.42298,[0:272;],playing,480x854,480x854,lD5Y5lu7p1I,817.281,Sea Dragon Stage 6 DNM (Force User POV) Conqueror S4 - YouTube
1531225513266,152.682793,[0:272;],playing,480x854,480x854,lD5Y5lu7p1I,817.281,Sea Dragon Stage 6 DNM (Force User POV) Conqueror S4 - YouTube
1531225513526,152.943248,[0:277.333;],playing,480x854,480x854,lD5Y5lu7p1I,817.281,Sea Dragon Stage 6 DNM (Force User POV) Conqueror S4 - YouTube
1531225513786,153.202291,[0:277.333;],playing,480x854,480x854,lD5Y5lu7p1I,817.281,Sea Dragon Stage 6 DNM (Force User POV) Conqueror S4 - YouTube
1531225514044,153.460671,[0:277.333;],playing,480x854,480x854,lD5Y5lu7p1I,817.281,Sea Dragon Stage 6 DNM (Force User POV) Conqueror S4 - YouTube
1531225514304,153.721482,[0:277.333;],playing,480x854,480x854,lD5Y5lu7p1I,817.281,Sea Dragon Stage 6 DNM (Force User POV) Conqueror S4 - YouTube
1531225514565,153.981659,[0:277.333;],playing,480x854,480x854,lD5Y5lu7p1I,817.281,Sea Dragon Stage 6 DNM (Force User POV) Conqueror S4 - YouTube
1531225514826,154.242509,[0:277.333;],playing,480x854,480x854,lD5Y5lu7p1I,817.281,Sea Dragon Stage 6 DNM (Force User POV) Conqueror S4 - YouTube
1531225515086,154.502866,[0:277.333;],playing,480x854,480x854,lD5Y5lu7p1I,817.281,Sea Dragon Stage 6 DNM (Force User POV) Conqueror S4 - YouTube
1531225515346,154.762021,[0:277.333;],playing,480x854,480x854,lD5Y5lu7p1I,817.281,Sea Dragon Stage 6 DNM (Force User POV) Conqueror S4 - YouTube
1531225515606,155.022163,[0:277.333;],playing,480x854,480x854,lD5Y5lu7p1I,817.281,Sea Dragon Stage 6 DNM (Force User POV) Conqueror S4 - YouTube
1531225515863,155.280341,[0:277.333;],playing,480x854,480x854,lD5Y5lu7p1I,817.281,Sea Dragon Stage 6 DNM (Force User POV) Conqueror S4 - YouTube
1531225516122,155.53917,[0:277.333;],playing,480x854,480x854,lD5Y5lu7p1I,817.281,Sea Dragon Stage 6 DNM (Force User POV) Conqueror S4 - YouTube
1531225516380,155.797025,[0:277.333;],playing,480x854,480x854,lD5Y5lu7p1I,817.281,Sea Dragon Stage 6 DNM (Force User POV) Conqueror S4 - YouTube
1531225516638,156.054621,[0:277.333;],playing,480x854,480x854,lD5Y5lu7p1I,817.281,Sea Dragon Stage 6 DNM (Force User POV) Conqueror S4 - YouTube
1531225516894,156.311279,[0:277.333;],playing,480x854,480x854,lD5Y5lu7p1I,817.281,Sea Dragon Stage 6 DNM (Force User POV) Conqueror S4 - YouTube
1531225517154,156.570253,[0:277.333;],playing,480x854,480x854,lD5Y5lu7p1I,817.281,Sea Dragon Stage 6 DNM (Force User POV) Conqueror S4 - YouTube
1531225517412,156.829078,[0:277.333;],playing,480x854,480x854,lD5Y5lu7p1I,817.281,Sea Dragon Stage 6 DNM (Force User POV) Conqueror S4 - YouTube
1531225517673,157.089768,[0:277.333;],playing,480x854,480x854,lD5Y5lu7p1I,817.281,Sea Dragon Stage 6 DNM (Force User POV) Conqueror S4 - YouTube
1531225517933,157.350006,[0:277.333;],playing,480x854,480x854,lD5Y5lu7p1I,817.281,Sea Dragon Stage 6 DNM (Force User POV) Conqueror S4 - YouTube
1531225518191,157.60759,[0:277.333;],playing,480x854,480x854,lD5Y5lu7p1I,817.281,Sea Dragon Stage 6 DNM (Force User POV) Conqueror S4 - YouTube
1531225518447,157.86304,[0:277.333;],playing,480x854,480x854,lD5Y5lu7p1I,817.281,Sea Dragon Stage 6 DNM (Force User POV) Conqueror S4 - YouTube
1531225518702,158.118321,[0:277.333;],playing,480x854,480x854,lD5Y5lu7p1I,817.281,Sea Dragon Stage 6 DNM (Force User POV) Conqueror S4 - YouTube
1531225518960,158.376536,[0:280.001;],playing,480x854,480x854,lD5Y5lu7p1I,817.281,Sea Dragon Stage 6 DNM (Force User POV) Conqueror S4 - YouTube
1531225519218,158.634114,[0:280.001;],playing,480x854,480x854,lD5Y5lu7p1I,817.281,Sea Dragon Stage 6 DNM (Force User POV) Conqueror S4 - YouTube
1531225519475,158.892388,[0:280.001;],playing,480x854,480x854,lD5Y5lu7p1I,817.281,Sea Dragon Stage 6 DNM (Force User POV) Conqueror S4 - YouTube
1531225519737,159.153869,[0:280.001;],playing,480x854,480x854,lD5Y5lu7p1I,817.281,Sea Dragon Stage 6 DNM (Force User POV) Conqueror S4 - YouTube
1531225519997,159.414016,[0:280.001;],playing,480x854,480x854,lD5Y5lu7p1I,817.281,Sea Dragon Stage 6 DNM (Force User POV) Conqueror S4 - YouTube
1531225520258,159.675157,[0:280.001;],playing,480x854,480x854,lD5Y5lu7p1I,817.281,Sea Dragon Stage 6 DNM (Force User POV) Conqueror S4 - YouTube
1531225520518,159.934733,[0:280.001;],playing,480x854,480x854,lD5Y5lu7p1I,817.281,Sea Dragon Stage 6 DNM (Force User POV) Conqueror S4 - YouTube
1531225520780,160.196935,[0:280.001;],playing,480x854,480x854,lD5Y5lu7p1I,817.281,Sea Dragon Stage 6 DNM (Force User POV) Conqueror S4 - YouTube
1531225521041,160.457662,[0:280.001;],playing,480x854,480x854,lD5Y5lu7p1I,817.281,Sea Dragon Stage 6 DNM (Force User POV) Conqueror S4 - YouTube
1531225521301,160.717649,[0:280.001;],playing,480x854,480x854,lD5Y5lu7p1I,817.281,Sea Dragon Stage 6 DNM (Force User POV) Conqueror S4 - YouTube
1531225521560,160.976434,[0:280.001;],playing,480x854,480x854,lD5Y5lu7p1I,817.281,Sea Dragon Stage 6 DNM (Force User POV) Conqueror S4 - YouTube
1531225521819,161.235223,[0:282.666;],playing,480x854,480x854,lD5Y5lu7p1I,817.281,Sea Dragon Stage 6 DNM (Force User POV) Conqueror S4 - YouTube
1531225522078,161.495036,[0:282.666;],playing,480x854,480x854,lD5Y5lu7p1I,817.281,Sea Dragon Stage 6 DNM (Force User POV) Conqueror S4 - YouTube
1531225522338,161.754611,[0:282.666;],playing,480x854,480x854,lD5Y5lu7p1I,817.281,Sea Dragon Stage 6 DNM (Force User POV) Conqueror S4 - YouTube
1531225522596,162.012047,[0:282.666;],playing,480x854,480x854,lD5Y5lu7p1I,817.281,Sea Dragon Stage 6 DNM (Force User POV) Conqueror S4 - YouTube
1531225522854,162.271225,[0:282.666;],playing,480x854,480x854,lD5Y5lu7p1I,817.281,Sea Dragon Stage 6 DNM (Force User POV) Conqueror S4 - YouTube
1531225523115,162.531169,[0:282.666;],playing,480x854,480x854,lD5Y5lu7p1I,817.281,Sea Dragon Stage 6 DNM (Force User POV) Conqueror S4 - YouTube
1531225523375,162.791366,[0:282.666;],playing,480x854,480x854,lD5Y5lu7p1I,817.281,Sea Dragon Stage 6 DNM (Force User POV) Conqueror S4 - YouTube
1531225523634,163.050658,[0:282.666;],playing,480x854,480x854,lD5Y5lu7p1I,817.281,Sea Dragon Stage 6 DNM (Force User POV) Conqueror S4 - YouTube
1531225523892,163.309259,[0:282.666;],playing,480x854,480x854,lD5Y5lu7p1I,817.281,Sea Dragon Stage 6 DNM (Force User POV) Conqueror S4 - YouTube
1531225524150,163.566862,[0:288;],playing,480x854,480x854,lD5Y5lu7p1I,817.281,Sea Dragon Stage 6 DNM (Force User POV) Conqueror S4 - YouTube
1531225524409,163.826256,[0:288;],playing,480x854,480x854,lD5Y5lu7p1I,817.281,Sea Dragon Stage 6 DNM (Force User POV) Conqueror S4 - YouTube
1531225524665,164.082292,[0:288;],playing,480x854,480x854,lD5Y5lu7p1I,817.281,Sea Dragon Stage 6 DNM (Force User POV) Conqueror S4 - YouTube
1531225524920,164.337249,[0:288;],playing,480x854,480x854,lD5Y5lu7p1I,817.281,Sea Dragon Stage 6 DNM (Force User POV) Conqueror S4 - YouTube
1531225525179,164.5952,[0:288;],playing,480x854,480x854,lD5Y5lu7p1I,817.281,Sea Dragon Stage 6 DNM (Force User POV) Conqueror S4 - YouTube
1531225525438,164.854485,[0:288;],playing,480x854,480x854,lD5Y5lu7p1I,817.281,Sea Dragon Stage 6 DNM (Force User POV) Conqueror S4 - YouTube
1531225525695,165.112101,[0:288;],playing,480x854,480x854,lD5Y5lu7p1I,817.281,Sea Dragon Stage 6 DNM (Force User POV) Conqueror S4 - YouTube
1531225525954,165.371105,[0:288;],playing,480x854,480x854,lD5Y5lu7p1I,817.281,Sea Dragon Stage 6 DNM (Force User POV) Conqueror S4 - YouTube
1531225526213,165.630113,[0:288;],playing,480x854,480x854,lD5Y5lu7p1I,817.281,Sea Dragon Stage 6 DNM (Force User POV) Conqueror S4 - YouTube
1531225526473,165.889642,[0:288;],playing,480x854,480x854,lD5Y5lu7p1I,817.281,Sea Dragon Stage 6 DNM (Force User POV) Conqueror S4 - YouTube
1531225526732,166.149407,[0:288;],playing,480x854,480x854,lD5Y5lu7p1I,817.281,Sea Dragon Stage 6 DNM (Force User POV) Conqueror S4 - YouTube
1531225526993,166.409825,[0:288;],playing,480x854,480x854,lD5Y5lu7p1I,817.281,Sea Dragon Stage 6 DNM (Force User POV) Conqueror S4 - YouTube
1531225527248,166.664579,[0:288;],playing,480x854,480x854,lD5Y5lu7p1I,817.281,Sea Dragon Stage 6 DNM (Force User POV) Conqueror S4 - YouTube
1531225527504,166.921307,[0:288;],playing,480x854,480x854,lD5Y5lu7p1I,817.281,Sea Dragon Stage 6 DNM (Force User POV) Conqueror S4 - YouTube
1531225527760,167.177127,[0:288;],playing,480x854,480x854,lD5Y5lu7p1I,817.281,Sea Dragon Stage 6 DNM (Force User POV) Conqueror S4 - YouTube
1531225528017,167.434115,[0:288;],playing,480x854,480x854,lD5Y5lu7p1I,817.281,Sea Dragon Stage 6 DNM (Force User POV) Conqueror S4 - YouTube
1531225528274,167.691045,[0:288;],playing,480x854,480x854,lD5Y5lu7p1I,817.281,Sea Dragon Stage 6 DNM (Force User POV) Conqueror S4 - YouTube
1531225528530,167.946576,[0:288;],playing,480x854,480x854,lD5Y5lu7p1I,817.281,Sea Dragon Stage 6 DNM (Force User POV) Conqueror S4 - YouTube
1531225528786,168.202642,[0:288;],playing,480x854,480x854,lD5Y5lu7p1I,817.281,Sea Dragon Stage 6 DNM (Force User POV) Conqueror S4 - YouTube
1531225529044,168.460614,[0:290.001;],playing,480x854,480x854,lD5Y5lu7p1I,817.281,Sea Dragon Stage 6 DNM (Force User POV) Conqueror S4 - YouTube
1531225529306,168.722081,[0:290.001;],playing,480x854,480x854,lD5Y5lu7p1I,817.281,Sea Dragon Stage 6 DNM (Force User POV) Conqueror S4 - YouTube
1531225529561,168.97771,[0:290.001;],playing,480x854,480x854,lD5Y5lu7p1I,817.281,Sea Dragon Stage 6 DNM (Force User POV) Conqueror S4 - YouTube
1531225529816,169.233563,[0:290.001;],playing,480x854,480x854,lD5Y5lu7p1I,817.281,Sea Dragon Stage 6 DNM (Force User POV) Conqueror S4 - YouTube
1531225530074,169.490504,[0:290.001;],playing,480x854,480x854,lD5Y5lu7p1I,817.281,Sea Dragon Stage 6 DNM (Force User POV) Conqueror S4 - YouTube
1531225530330,169.746445,[0:290.001;],playing,480x854,480x854,lD5Y5lu7p1I,817.281,Sea Dragon Stage 6 DNM (Force User POV) Conqueror S4 - YouTube
1531225530588,170.004345,[0:290.001;],playing,480x854,480x854,lD5Y5lu7p1I,817.281,Sea Dragon Stage 6 DNM (Force User POV) Conqueror S4 - YouTube
1531225530847,170.263194,[0:293.333;],playing,480x854,480x854,lD5Y5lu7p1I,817.281,Sea Dragon Stage 6 DNM (Force User POV) Conqueror S4 - YouTube
1531225531103,170.520613,[0:293.333;],playing,480x854,480x854,lD5Y5lu7p1I,817.281,Sea Dragon Stage 6 DNM (Force User POV) Conqueror S4 - YouTube
1531225531363,170.779578,[0:293.333;],playing,480x854,480x854,lD5Y5lu7p1I,817.281,Sea Dragon Stage 6 DNM (Force User POV) Conqueror S4 - YouTube
1531225531626,171.043494,[0:293.333;],playing,480x854,480x854,lD5Y5lu7p1I,817.281,Sea Dragon Stage 6 DNM (Force User POV) Conqueror S4 - YouTube
1531225531887,171.303958,[0:293.333;],playing,480x854,480x854,lD5Y5lu7p1I,817.281,Sea Dragon Stage 6 DNM (Force User POV) Conqueror S4 - YouTube
1531225532146,171.563549,[0:293.333;],playing,480x854,480x854,lD5Y5lu7p1I,817.281,Sea Dragon Stage 6 DNM (Force User POV) Conqueror S4 - YouTube
1531225532406,171.822741,[0:293.333;],playing,480x854,480x854,lD5Y5lu7p1I,817.281,Sea Dragon Stage 6 DNM (Force User POV) Conqueror S4 - YouTube
1531225532663,172.079858,[0:293.333;],playing,480x854,480x854,lD5Y5lu7p1I,817.281,Sea Dragon Stage 6 DNM (Force User POV) Conqueror S4 - YouTube
1531225532923,172.339619,[0:293.333;],playing,480x854,480x854,lD5Y5lu7p1I,817.281,Sea Dragon Stage 6 DNM (Force User POV) Conqueror S4 - YouTube
1531225533182,172.599024,[0:293.333;],playing,480x854,480x854,lD5Y5lu7p1I,817.281,Sea Dragon Stage 6 DNM (Force User POV) Conqueror S4 - YouTube
1531225533442,172.858692,[0:293.333;],playing,480x854,480x854,lD5Y5lu7p1I,817.281,Sea Dragon Stage 6 DNM (Force User POV) Conqueror S4 - YouTube
1531225533701,173.117626,[0:293.333;],playing,480x854,480x854,lD5Y5lu7p1I,817.281,Sea Dragon Stage 6 DNM (Force User POV) Conqueror S4 - YouTube
1531225533963,173.378938,[0:293.333;],playing,480x854,480x854,lD5Y5lu7p1I,817.281,Sea Dragon Stage 6 DNM (Force User POV) Conqueror S4 - YouTube
1531225534222,173.638527,[0:293.333;],playing,480x854,480x854,lD5Y5lu7p1I,817.281,Sea Dragon Stage 6 DNM (Force User POV) Conqueror S4 - YouTube
1531225534480,173.896788,[0:293.333;],playing,480x854,480x854,lD5Y5lu7p1I,817.281,Sea Dragon Stage 6 DNM (Force User POV) Conqueror S4 - YouTube
1531225534737,174.154418,[0:293.333;],playing,480x854,480x854,lD5Y5lu7p1I,817.281,Sea Dragon Stage 6 DNM (Force User POV) Conqueror S4 - YouTube
1531225534994,174.410832,[0:293.333;],playing,480x854,480x854,lD5Y5lu7p1I,817.281,Sea Dragon Stage 6 DNM (Force User POV) Conqueror S4 - YouTube
1531225535253,174.670113,[0:298.666;],playing,480x854,480x854,lD5Y5lu7p1I,817.281,Sea Dragon Stage 6 DNM (Force User POV) Conqueror S4 - YouTube
1531225535512,174.929025,[0:298.666;],playing,480x854,480x854,lD5Y5lu7p1I,817.281,Sea Dragon Stage 6 DNM (Force User POV) Conqueror S4 - YouTube
1531225535773,175.189717,[0:298.666;],playing,480x854,480x854,lD5Y5lu7p1I,817.281,Sea Dragon Stage 6 DNM (Force User POV) Conqueror S4 - YouTube
1531225536032,175.449319,[0:298.666;],playing,480x854,480x854,lD5Y5lu7p1I,817.281,Sea Dragon Stage 6 DNM (Force User POV) Conqueror S4 - YouTube
1531225536292,175.708512,[0:298.666;],playing,480x854,480x854,lD5Y5lu7p1I,817.281,Sea Dragon Stage 6 DNM (Force User POV) Conqueror S4 - YouTube
1531225536554,175.970211,[0:298.666;],playing,480x854,480x854,lD5Y5lu7p1I,817.281,Sea Dragon Stage 6 DNM (Force User POV) Conqueror S4 - YouTube
1531225536812,176.229258,[0:298.666;],playing,480x854,480x854,lD5Y5lu7p1I,817.281,Sea Dragon Stage 6 DNM (Force User POV) Conqueror S4 - YouTube
1531225537069,176.486554,[0:298.666;],playing,480x854,480x854,lD5Y5lu7p1I,817.281,Sea Dragon Stage 6 DNM (Force User POV) Conqueror S4 - YouTube
1531225537328,176.744949,[0:298.666;],playing,480x854,480x854,lD5Y5lu7p1I,817.281,Sea Dragon Stage 6 DNM (Force User POV) Conqueror S4 - YouTube
1531225537588,177.00377,[0:298.666;],playing,480x854,480x854,lD5Y5lu7p1I,817.281,Sea Dragon Stage 6 DNM (Force User POV) Conqueror S4 - YouTube
1531225537846,177.262611,[0:298.666;],playing,480x854,480x854,lD5Y5lu7p1I,817.281,Sea Dragon Stage 6 DNM (Force User POV) Conqueror S4 - YouTube
1531225538107,177.523188,[0:298.666;],playing,480x854,480x854,lD5Y5lu7p1I,817.281,Sea Dragon Stage 6 DNM (Force User POV) Conqueror S4 - YouTube
1531225538367,177.782833,[0:298.666;],playing,480x854,480x854,lD5Y5lu7p1I,817.281,Sea Dragon Stage 6 DNM (Force User POV) Conqueror S4 - YouTube
1531225538626,178.042957,[0:298.666;],playing,480x854,480x854,lD5Y5lu7p1I,817.281,Sea Dragon Stage 6 DNM (Force User POV) Conqueror S4 - YouTube
1531225538888,178.305111,[0:298.666;],playing,480x854,480x854,lD5Y5lu7p1I,817.281,Sea Dragon Stage 6 DNM (Force User POV) Conqueror S4 - YouTube
1531225539146,178.562654,[0:298.666;],playing,480x854,480x854,lD5Y5lu7p1I,817.281,Sea Dragon Stage 6 DNM (Force User POV) Conqueror S4 - YouTube
1531225539406,178.822844,[0:298.666;],playing,480x854,480x854,lD5Y5lu7p1I,817.281,Sea Dragon Stage 6 DNM (Force User POV) Conqueror S4 - YouTube
1531225539659: Closing browser...
1531225542628: Done.
1531225542628: Writing to file...
1531225542628: Done.
1531225567318: Capturing pcap done.